Timing is on.
CREATE TABLE cls_cr_rnd_prm_mmcls
(
  cls_yymm character(6) NOT NULL, 
  plyno character varying(16) NOT NULL, 
  cvrcd character(8) NOT NULL, 
  cvr_seqno numeric(5) NOT NULL, 
  trtcd character(10) NOT NULL, 
  rnd_prm_seqno numeric(10) NOT NULL, 
  ce_stfno character(7), 
  incm_prm numeric(15), 
  rn_prm numeric(15), 
  cn_prm numeric(17,2), 
  ptrm_nelp_prm numeric(15), 
  lltm_nelp_prm numeric(15), 
  rnd_prm numeric(15), 
  psst_incm_prm numeric(17,2), 
  psst_rn_prm numeric(17,2), 
  psst_cn_prm numeric(17,2), 
  psst_ptrm_nrnpr numeric(17,2), 
  psst_lltm_nrnpr numeric(17,2), 
  psst_rnd_prm numeric(17,2), 
  rk_incm_prm numeric(15), 
  rk_rn_prm numeric(15), 
  rk_cn_prm numeric(15), 
  rk_ptrm_nelp_prm numeric(15), 
  rk_lltm_nelp_prm numeric(15), 
  rk_rnd_prm numeric(17,2), 
  psst_rk_incm_prm numeric(17,2), 
  psst_rk_rn numeric(17,2), 
  psst_rk_cn_prm numeric(17,2), 
  psst_rk_ptrm_nrnpr numeric(17,2), 
  psst_rk_lltm_nrnpr numeric(17,2), 
  psst_rk_rnd_prm numeric(17,2), 
  iramt_ct numeric(5), 
  onw_cr_flgcd character(10), 
  ce_bf_cmpcd character(10), 
  cvr_spqu_flgcd character(10), 
  gn_co_obj_flgcd character(10), 
  ins_itm_smccd character(10), 
  ins_imcd character(10), 
  gn_co_appr_flgcd character(10), 
  milg_cvrcd character(10), 
  milg_is_amtcd character(10), 
  milg_nelp_days numeric(5), 
  milg_lltm_nelp_prm numeric(15), 
  load_dthms timestamp(0) without time zone

)
WITH (APPENDONLY=true, COMPRESSLEVEL=5,   OIDS=FALSE)
DISTRIBUTED BY (cls_yymm, plyno, cvrcd, cvr_seqno, trtcd, rnd_prm_seqno)
CREATE TABLE
Time: 431.292 ms
Timing is on.
CREATE TABLE cls_ltrm_cvr_rnd_prm
(
  cls_yymm character(6) NOT NULL, 
  plyno character varying(16) NOT NULL, 
  nrdps_dscno character varying(40) NOT NULL, 
  cvrcd character(8) NOT NULL, 
  gdcd character(10), 
  rp_prm numeric(15), 
  re_rk_prm numeric(15), 
  re_ad_prm numeric(15), 
  rn_rnd_prm numeric(15), 
  re_rnd_rk_prm numeric(15), 
  re_rnd_ad_prm numeric(15), 
  rk_rnd_prm numeric(15), 
  ptrm_rn_idm_bnd numeric(15), 
  nxt_rn_nrnpr numeric(15), 
  ptrm_re_nrnpr numeric(15), 
  nxt_re_nrnpr numeric(15), 
  rk_prm numeric(15), 
  sv_prm numeric(15), 
  rn_netp_nwcrt numeric(15), 
  rn_mncs numeric(15), 
  rn_cmlcs numeric(15), 
  re_netp_nwcrt numeric(15), 
  re_mncs numeric(15), 
  re_cmlcs numeric(15), 
  pr_dm_nvcs numeric(15), 
  ce_stfno character(7), 
  dh_stfno character(7), 
  dh_bzp_orgcd character(7), 
  dh_br_orgcd character(7), 
  isamt_cd character(10), 
  rn_netp_anul_bzprm_cmp_nwcrt numeric(15), 
  load_dthms timestamp(0) without time zone

)
WITH (APPENDONLY=true, COMPRESSLEVEL=5,   OIDS=FALSE)
DISTRIBUTED BY (plyno)
CREATE TABLE
Time: 426.964 ms
Timing is on.
CREATE TABLE cls_ltrm_mnrt
(
  cls_yymm character(6) NOT NULL, 
  plyno character varying(16) NOT NULL, 
  cvrcd character(8) NOT NULL, 
  cvr_seqno numeric(5) NOT NULL, 
  gdcd character(10), 
  nrdps_dscno character varying(40), 
  crt_dscno character varying(40), 
  cr_stcd character(10), 
  cr_dt_stcd character(10), 
  ins_st date, 
  ins_clstr date, 
  fnl_pym_yymm character(6), 
  pym_cyccd character(10), 
  pym_ct numeric(3), 
  rnd_mc numeric(5), 
  cu_prm numeric(15), 
  gn_prm numeric(15), 
  ce_mpy_cvprm numeric(17,2), 
  mn_mpy_cvprm numeric(17,2), 
  ce_cvav_prm numeric(15), 
  mn_cv_av_prm numeric(15), 
  ce_bzp_orgcd character(7), 
  ce_stfno character(7), 
  dh_bzp_orgcd character(7), 
  dh_stfno character(7), 
  cm_mtdcd character(10), 
  ce_bzp_lead_stfno character(7), 
  ce_brma_stfno character(7), 
  is_thtm_nrdps_age numeric(3), 
  cr_thtm_nrdps_age numeric(3), 
  nrdps_pstno character(6), 
  nrdps_jbcd character(10), 
  is_thtm_crt_age numeric(3), 
  cr_thtm_crt_age numeric(3), 
  crt_pstno character(6), 
  crt_jbcd character(10), 
  du_ar_flgcd character(10), 
  load_dthms timestamp(0) without time zone

)
WITH (APPENDONLY=true, COMPRESSLEVEL=5,   OIDS=FALSE)
DISTRIBUTED BY (cls_yymm, plyno, cvrcd, cvr_seqno)
CREATE TABLE
Time: 405.694 ms
Timing is on.
CREATE TABLE cus_ctm
(
  ctmno character(9) NOT NULL, 
  ctm_dscno character varying(40), 
  hngl_ctmnm character varying(100) NOT NULL, 
  eng_ctmnm character varying(100), 
  chnc_ctmnm character varying(100), 
  hngl_abrv_ctmnm character varying(100), 
  eng_abrv_ctmnm character varying(100), 
  ctm_tpcd character(10) NOT NULL, 
  cr_own_yn character(1), 
  drve_yn character(1), 
  ctm_dat_acq_ptncd character(10), 
  frg_dlpl_flgcd character(10), 
  fmllv_ctm_yn character(1), 
  hmpag_adr character varying(100), 
  cybmy character varying(50), 
  sms_rcv_yn character(1), 
  rlnm_ctfct_file_pth character varying(100), 
  cntrt_st_rq_yn character(1), 
  tl_rcv_yn character(1), 
  crdif_utl_agre_yn character(1), 
  mail_rcv_yn character(1), 
  rgbrd_flgcd character(10), 
  mntr_bkcd character(10), 
  mntr_bk_brcd character(10), 
  et_adr_flgcd character(10), 
  cnn_cmpcd character(10), 
  ctm_dscno_flgcd character(10), 
  spcl_rel_ctm_yn character(1), 
  pdt_rsno character varying(40), 
  pdtnm character varying(100), 
  indpd_mrtmn_yn character(1), 
  dflt_pt_yn character(1), 
  dmrcy_518_injd_yn character(1), 
  rltn_bzwpl_cd character(10), 
  rltn_bzwpl_seqno numeric(5), 
  bzps_tpcd character(10), 
  ntp_sclcd character(10), 
  bzps_bstnm character varying(100), 
  bzps_imnm character varying(100), 
  empct numeric(7), 
  slamt numeric(15) NOT NULL, 
  capt numeric(15) NOT NULL, 
  fnddt date, 
  clodt date, 
  dlncd character(10), 
  bzwpl_own_yn character(1), 
  mn_pdt_out_pdtct numeric(7), 
  bdl_tf_pypsb_yn character(1), 
  std_ind_csfcd character(10), 
  nty_tycd character(10), 
  lstst_flgcd character(10), 
  crpno character varying(13), 
  clgmm_flgcd character(10), 
  gr_flgcd character(10), 
  gr_tpcd character(10), 
  bzmno character(10), 
  crp_tpcd character(10), 
  wdg_yn character(1), 
  relgn_cd character(10), 
  fnl_edbcd character(10), 
  hndps_yn character(1), 
  hnd_grdcd character(10), 
  hnd_grd_vald_trm character(8), 
  hndnm character varying(100), 
  hnd_grdpa_cd character(10), 
  ntn_mrtmn_yn character(1), 
  rwxno character varying(20), 
  btplc_cd character(10), 
  grdu_sch character varying(50), 
  slcr_flgcd character(10), 
  rl_brtyr_mndy character(8), 
  rh_tycd character(10), 
  bldty_cd character(10), 
  wpcnm character varying(100), 
  depnm character varying(100), 
  ptn character varying(50), 
  bdt character varying(50), 
  jb_dt character varying(50), 
  emp_tycd character(10), 
  wrk_arecd character(10), 
  sexcd character(10), 
  ba_life_sadps_yn character(1), 
  smok_yn character(1), 
  de_yn character(1), 
  htn character varying(50), 
  wot_yn character(1), 
  frg_rlnm_ctfct_flgcd character(10), 
  ntlcd character(10), 
  pspno character varying(20), 
  jb_ch_seqno numeric(5), 
  jbcd character(10), 
  injr_rnkcd character(10), 
  onw_jb_cnf_flgcd character(10), 
  rltn_bzwpl_pstdt date, 
  rltn_bzwpl_rgtr_flgcd character(10), 
  inp_usr_id character(7) NOT NULL, 
  inp_dthms timestamp(0) without time zone NOT NULL, 
  mdf_usr_id character(7) NOT NULL, 
  mdf_dthms timestamp(0) without time zone NOT NULL, 
  psn_info_cvap_yn character(1), 
  rcmnm character varying(100), 
  rcm_rsno character varying(40), 
  dher_rcm_relcd character(10), 
  rlnm_cnf_flgcd character(10), 
  ntclt_mail_rcv_yn character(1), 
  bnnm character varying(300), 
  bzfml_sms_lmit_yn character(1), 
  cnv_hp_tmst_cd character(10) , 
  load_dthms timestamp(0) without time zone
)
WITH (APPENDONLY=true, COMPRESSLEVEL=5,   OIDS=FALSE)
DISTRIBUTED BY (ctmno);
CREATE TABLE
Time: 425.615 ms
Timing is on.
CREATE TABLE igd_gd
(
  gdcd character(10) NOT NULL, 
  ap_nddt date NOT NULL, 
  ap_strdt date NOT NULL, 
  ikd_grpcd character(10) NOT NULL, 
  ins_imcd character(10) NOT NULL, 
  cla_lng_flgcd character(10) NOT NULL, 
  gd_ty_flgcd character(10) NOT NULL, 
  gd_slnm character varying(100) NOT NULL, 
  gd_shtnm character varying(50), 
  gd_kornm character varying(100), 
  gd_ennm character varying(100), 
  gd_xpnm character varying(1000), 
  gd_per_yn character(1) NOT NULL, 
  gd_pernm character varying(100), 
  gd_per_tpcd character(10), 
  gd_perdt date, 
  gd_sl_tpcd character(10), 
  cr_opn_ba_hms character(4), 
  cr_nd_ba_hms character(4), 
  fc_dh_yn character(1) NOT NULL, 
  re_unt_flgcd character(10), 
  pym_xmp_unt_flgcd character(10) NOT NULL, 
  ppy_prm_prm_yn character(1), 
  ppy_prm_mxpsb_mc numeric(4), 
  psncl_dbins_prm_yn character(1), 
  cv_ins_av_yn character(1), 
  auto_tf_dc_yn character(1), 
  type_flgcd character(10), 
  type_cn_flgcd character(10), 
  spe_scr_rnw_yn character(1), 
  dv_tpcd character(10), 
  prm_str_flgcd character(10), 
  mw_rtamt_cr_flgcd character(10), 
  nd_rtamt_cr_yn character(1), 
  dgn_gd_yn character(1), 
  auto_rnw_av_yn character(1), 
  prm_inp_flgcd character(10), 
  cu_prm_ocpym_yn character(1), 
  ctu_crdtf_av_yn character(1), 
  cla_ln_av_yn character(1), 
  sb_pym_flgcd character(10) NOT NULL, 
  sb_pym_tpcd character(10), 
  age_cc_st_flgcd character(10), 
  bz_mtdrp_csfcd character(10), 
  is_pl_cht_wrtyn character(1), 
  xtn_tpcd character(10), 
  xtntm_rtamt_flgcd character(10), 
  gr_is_flgcd character(10), 
  gr_dc_av_yn character(1), 
  gr_mn_is_psct numeric(3), 
  avg_rt_us_yn character(1), 
  pr_es_prm_yn character(1) NOT NULL, 
  lowt_prm_mncd character(10), 
  lowt_prm numeric(17,2) NOT NULL, 
  cvr_prm_sgdlg_flgcd character(10), 
  apprm_sglr_dl_flgcd character(10), 
  sl_pl_adm_yn character(1), 
  cr_logfl_pst_info character varying(100), 
  op_envr_cv_yn character(1) NOT NULL, 
  ins_trm_bavl character(3), 
  ins_trm_lm character(3), 
  pym_grc_trm character(3), 
  tx_pf_gd_csfcd character(10), 
  sl_pl_op_tpcd character(10), 
  ply_out_tp_flgcd character(10), 
  type_ch_av_yn character(1), 
  gd_dt_scr_yn character(1), 
  dt_scr_id character(10), 
  dc_ap_flgcd character(10), 
  dt_inpsc_xstn_yn character(1), 
  dt_inpsc_id character(10), 
  mw_wdra_av_rt numeric(15) NOT NULL, 
  mw_wdra_str_rndcd character(10), 
  mw_wdra_cr_cyccd character(10), 
  mw_wdra_cr_caseq numeric(5), 
  dvpns_rpr_ikdcd character(10), 
  gd_exppr_out_yn character(1), 
  marne_nelp_cal_metcd character(10), 
  inp_usr_id character(7) NOT NULL, 
  inp_dthms timestamp(0) without time zone NOT NULL, 
  mdf_usr_id character(7) NOT NULL, 
  mdf_dthms timestamp(0) without time zone NOT NULL, 
  pect_sl_mntr_bjpcd character(10), 
  prm_inp_tpcd character(10), 
  rntcl_dscrt_ap_yn character(1), 
  gds_mx_dc_lmrt numeric(5,2), 
  prm_sb_pym_tpcd character(10), 
  prm_npy_sb_flgcd character(10), 
  scr_idc_ordr numeric(5), 
  mx_mn_cc_tpcd character(10), 
  rnwdc_fund_chek_yn character(1), 
  rmimc_rkrt_dcl_yn character(1), 
  anul_bzprm_rt_adtm numeric(3), 
  cc_xcpt_dlcd character(10), 
  indpd_trt_tpcd character(10), 
  indpd_trt_incld_yn character(1), 
  load_dthms timestamp(0) without time zone

)
WITH (APPENDONLY=true, COMPRESSLEVEL=5,   OIDS=FALSE)
DISTRIBUTED BY (gdcd, ap_nddt, ap_strdt);
CREATE TABLE
Time: 441.785 ms
Timing is on.
CREATE TABLE igd_gd_csf
(
  gd_csfcd character(10) NOT NULL, 
  ppr_gd_csfcd character(10), 
  gd_csfnm character varying(50) NOT NULL, 
  gd_csf_lvl numeric(1) NOT NULL, 
  fnl_lvl_yn character(1) NOT NULL, 
  scr_idc_yn character(1) NOT NULL, 
  scr_idc_ordr numeric(5), 
  vald_strdt date NOT NULL, 
  vald_nddt date NOT NULL, 
  cnn_scr_gpcd character(10), 
  cnn_scr_dt_flgcd character(10), 
  inp_usr_id character(7) NOT NULL, 
  inp_dthms timestamp(0) without time zone NOT NULL, 
  mdf_usr_id character(7) NOT NULL, 
  mdf_dthms timestamp(0) without time zone NOT NULL, 
  main_gd_yn character(1), 
  main_gd_ordr numeric(3), 
  load_dthms timestamp(0) without time zone

)
WITH (APPENDONLY=true, COMPRESSLEVEL=5,   OIDS=FALSE)
DISTRIBUTED BY (gd_csfcd);
CREATE TABLE
Time: 431.014 ms
Timing is on.
CREATE TABLE igd_gd_cvr_acm_rk
(
  acm_rkcd character(10) NOT NULL, 
  gdcd character(10) NOT NULL, 
  cvrcd character(8) NOT NULL, 
  ap_nddt date NOT NULL, 
  ap_strdt date NOT NULL, 
  acm_mult numeric(10,5), 
  inp_usr_id character(7) NOT NULL, 
  inp_dthms timestamp(0) without time zone NOT NULL, 
  mdf_usr_id character(7) NOT NULL, 
  mdf_dthms timestamp(0) without time zone NOT NULL ,
  load_dthms timestamp(0) without time zone

)
WITH (APPENDONLY=true, COMPRESSLEVEL=5,   OIDS=FALSE)
DISTRIBUTED BY (acm_rkcd, gdcd, cvrcd, ap_nddt, ap_strdt);
CREATE TABLE
Time: 406.612 ms
Timing is on.
CREATE TABLE ins_cmins_ins_re_cls
(
  cls_yymm character(6) NOT NULL, 
  rn_rtro_cr_flgcd character(10) NOT NULL, 
  cls_bjno character varying(36) NOT NULL, 
  re_dlno character varying(11) NOT NULL, 
  pstcd character(10) NOT NULL, 
  rincd character(10) NOT NULL, 
  clsdt date, 
  plyno character varying(16), 
  gdcd character(10), 
  ins_imcd character(10), 
  udrtk_tycd character(10), 
  thcp_qtrt numeric(12,6) NOT NULL, 
  avg_rert numeric(12,6) NOT NULL, 
  ce_orgcd character(7), 
  ce_stfno character(7), 
  dh_orgcd character(7), 
  dh_stfno character(7), 
  chrps_orgcd character(7), 
  chrps_stfno character(7), 
  chr_admr_orgcd character(7), 
  chr_admr_stfno character(7), 
  xi_py_flgcd character(10), 
  t_re_ibnf numeric(15) NOT NULL, 
  thcp_re_ibamt numeric(15) NOT NULL, 
  t_re_ibnf_rtamt numeric(15) NOT NULL, 
  thcp_re_ibnf_rtamt numeric(15) NOT NULL, 
  t_re_py_rfamt numeric(15) NOT NULL, 
  thcp_re_py_rfamt numeric(15) NOT NULL, 
  t_re_nvcs numeric(15) NOT NULL, 
  thcp_re_nvcs numeric(15) NOT NULL, 
  t_re_nvcs_rfamt numeric(15) NOT NULL, 
  thcp_re_nvcs_rfamt numeric(15) NOT NULL, 
  inp_usr_id character(7) NOT NULL, 
  inp_dthms timestamp(0) without time zone NOT NULL, 
  mdf_usr_id character(7) NOT NULL, 
  mdf_dthms timestamp(0) without time zone NOT NULL, 
  dat_sourc_flgcd character(10) ,
  load_dthms timestamp(0) without time zone

)
WITH (APPENDONLY=true, COMPRESSLEVEL=5,   OIDS=FALSE)
DISTRIBUTED BY (cls_yymm, rn_rtro_cr_flgcd, cls_bjno, re_dlno, pstcd, rincd);
CREATE TABLE
Time: 407.300 ms
Timing is on.
CREATE TABLE ins_cr_cvr
(
  plyno character varying(16) NOT NULL, 
  cvrcd character(8) NOT NULL, 
  cvr_seqno numeric(5) NOT NULL, 
  ap_nddt date NOT NULL, 
  ap_strdt date NOT NULL, 
  ndsno character(4) NOT NULL, 
  vald_nds_yn character(1) NOT NULL, 
  nds_ap_str_dthms timestamp(0) without time zone NOT NULL, 
  nds_ap_nd_dthms timestamp(0) without time zone NOT NULL, 
  ikd_grpcd character(10) NOT NULL, 
  cvr_bj_flgcd character(10), 
  relpc_oj_seqno numeric(10), 
  cvr_ba_trt_flgcd character(10) NOT NULL, 
  cvr_stcd character(10) NOT NULL, 
  cvr_st_chdt date, 
  isamt numeric(15) NOT NULL, 
  nds_isamt numeric(15) NOT NULL, 
  ba_prm numeric(15) NOT NULL, 
  nds_ba_prm numeric(17,2) NOT NULL, 
  ap_prm numeric(15) NOT NULL, 
  nds_ap_prm numeric(15) NOT NULL, 
  scd_ins_trm_apprm numeric(15) NOT NULL, 
  ins_st date, 
  ins_st_hms character(4), 
  ins_clstr date, 
  ins_clstr_hms character(4), 
  self_chamt_mncd character(10), 
  self_chamt numeric(15) NOT NULL, 
  agmt_aqr_rt_flgcd character(10), 
  nrdps_lvlcd character(10), 
  rk_tpcd character(8), 
  chbf_ap_prm numeric(15) NOT NULL, 
  chaf_ap_prm numeric(15) NOT NULL, 
  pym_cyccd character(10), 
  pym_trmcd character(10), 
  cvr_st_st_yymm character(6), 
  pym_xmp_yn character(1), 
  pym_xmp_str_yymm character(6), 
  rfamt_clc_ins_st date, 
  rfamt_clc_ins_clstr date, 
  auto_rnw_av_yn character(1), 
  auto_rnw_cvr_cnldt date, 
  cvr_fnl_pym_yymm character(6), 
  cvr_fnl_pym_seq numeric(5), 
  nd_flgcd character(10), 
  nd numeric(3), 
  ndcd character(10), 
  rl_nd_trm numeric(3), 
  pym_trm_flgcd character(10), 
  pym_trm numeric(3), 
  rl_pym_trm numeric(3), 
  nrdps_ap_age numeric(3), 
  bfrnw_cvrsn numeric(5), 
  bfrnw_cvrcd character(10), 
  trt_preg_rnd_wkct numeric(2), 
  db_cvr_flgcd character(10), 
  cvr_is_tpcd character(10), 
  sb_cscd character(10), 
  isamt_cd character(10), 
  xp_dmamt numeric(17,5) NOT NULL, 
  md_dmamt numeric(17,5) NOT NULL, 
  trt_ap_cvr_prmsm numeric(17,2) NOT NULL, 
  sys_mpv_dt date, 
  trt_ap_cvrcd character(10), 
  mstr_car_plyno character varying(25), 
  clmp1_is_amtcd character(10), 
  emeg_mvo_ce_stfno character(7), 
  emeg_mvo_cnrdt date, 
  de_sel_obs_flgcd character(10), 
  itm_cvr_rk_rnk character(10), 
  imu_trmcd character(10), 
  agr_rt numeric(12,6) NOT NULL, 
  absc_trm_flgcd character(10), 
  agr_rest_trmcd character(10), 
  isamt_spc character varying(300), 
  esrct numeric(2), 
  bd_dlbr_rpbl_btpcd character(10), 
  woncr_cv_self_chamt numeric(15) NOT NULL, 
  dc_rt numeric(12,6) NOT NULL, 
  act_or_actct numeric(4), 
  frc_rt_ap_yn character(1), 
  ad_self_chamt numeric(17,2) NOT NULL, 
  prgcs_prt_yn character(1), 
  inp_usr_id character(7) NOT NULL, 
  inp_dthms timestamp(0) without time zone NOT NULL, 
  mdf_usr_id character(7) NOT NULL, 
  mdf_dthms timestamp(0) without time zone NOT NULL, 
  cvr_spqu_flgcd character(10), 
  nds_prdt date, 
  afgst_prm_ccbj_yn character(1), 
  sep_cr_cn_yn character(1), 
  flpy_cvrfs_sb_yn character(1), 
  rnw_nddt date, 
  rnw_cvr_nclm_dcamt numeric(15), 
  sustd_xc_rk_ndx numeric(5), 
  stdbd_prm numeric(15), 
  sustd_prm numeric(15), 
  dcamt numeric(15), 
  sustd_rwcvr_nclm_dcamt numeric(15), 
  stdbd_rwcvr_nclm_dcamt numeric(15), 
  load_dthms timestamp(0) without time zone

)
WITH (  OIDS=FALSE)
DISTRIBUTED BY (plyno)
CREATE TABLE
Time: 421.219 ms
Timing is on.
CREATE TABLE ins_cr_dh_stf_crr
(
  plyno character varying(16) NOT NULL, 
  dh_stf_tpcd character(10) NOT NULL, 
  dh_stfno character(7) NOT NULL, 
  ap_nddt date NOT NULL, 
  ap_strdt date NOT NULL, 
  ndsno character(4) NOT NULL, 
  vald_nds_yn character(1) NOT NULL, 
  nds_ap_str_dthms timestamp(0) without time zone NOT NULL, 
  nds_ap_nd_dthms timestamp(0) without time zone NOT NULL, 
  ikd_grpcd character(10), 
  tabf_dh_stfno character(7), 
  usrno character(7), 
  prs_dh_stf_yn character(1), 
  qtrt numeric(12,6) NOT NULL, 
  ta_crno character varying(12), 
  pym_seq numeric(5), 
  bzcs_qtrt numeric(12,6) NOT NULL, 
  cnrdt date, 
  inp_usr_id character(7) NOT NULL, 
  inp_dthms timestamp(0) without time zone NOT NULL, 
  mdf_usr_id character(7) NOT NULL, 
  mdf_dthms timestamp(0) without time zone NOT NULL ,
  load_dthms timestamp(0) without time zone
)
WITH (  OIDS=FALSE)
DISTRIBUTED BY (plyno)
CREATE TABLE
Time: 409.275 ms
Timing is on.
CREATE TABLE ins_cr_relpc
(
  plyno character varying(16) NOT NULL, 
  relpc_seqno numeric(10) NOT NULL, 
  ap_nddt date NOT NULL, 
  ap_strdt date NOT NULL, 
  ndsno character(4) NOT NULL, 
  vald_nds_yn character(1) NOT NULL, 
  nds_ap_str_dthms timestamp(0) without time zone NOT NULL, 
  nds_ap_nd_dthms timestamp(0) without time zone NOT NULL, 
  ikd_grpcd character(10) NOT NULL, 
  relpc_tpcd character(10) NOT NULL, 
  relpc_stcd character(10) NOT NULL, 
  st_chdt date, 
  hngl_relnm character varying(100), 
  eng_relnm character varying(200), 
  ctm_dscno character varying(40), 
  relpc_dscno_flgcd character(10), 
  dlncd character(10), 
  prs_relpc_yn character(1), 
  crdif_utl_agre_yn character(1), 
  crdif_prt23_agre_yn character(1), 
  crdif_prt24_agre_yn character(1), 
  cntad_seqno numeric(10), 
  cntad_flgcd character(10), 
  relpc_name character varying(100), 
  relpc_name_pstcd character(10), 
  relpc_rlecd character(10), 
  isrdt date, 
  ppr_relpc_seqno numeric(10), 
  ctmno character(9), 
  sbd_gr_ctmno character(9), 
  orel_cd character(10), 
  sub_ctm_dscno character varying(40), 
  fire_mn_nrdps_yn character(1), 
  fn_orgcd character(10), 
  prps_flgcd character(10), 
  prm_pym_rt numeric(12,6) NOT NULL, 
  hndps_yn character(1), 
  ntn_mrtmn_yn character(1), 
  ba_sadps_yn character(1), 
  crt_flgcd character(10), 
  dmos_flgcd character(10), 
  indpd_mrtmn_yn character(1), 
  dflt_pt_yn character(1), 
  dmrcy_518_injd_yn character(1), 
  pfb_flgcd character(10), 
  nrdps_agre_yn character(1), 
  ut_rt numeric(12,6) NOT NULL, 
  md_cfcap_entp_yn character(1), 
  sexcd character(10), 
  jbcd character(10), 
  jb_ch_seqno numeric(5), 
  age numeric(3), 
  wdg_yn character(1), 
  lic_specd character(10), 
  licno character varying(20), 
  lic_cqdt date, 
  clm_crr_yn character(1), 
  drve_crr_yyct numeric(3), 
  drve_crr_mntct numeric(3), 
  drv_flgcd character(10), 
  hot_stdt date, 
  hot_clsdt date, 
  hot_oj character varying(300), 
  inp_usr_id character(7) NOT NULL, 
  inp_dthms timestamp(0) without time zone NOT NULL, 
  mdf_usr_id character(7) NOT NULL, 
  mdf_dthms timestamp(0) without time zone NOT NULL, 
  crdif_prt32_agre_yn character(1), 
  crdif_prt33_agre_yn character(1), 
  injr_hsp_cvr_yn character(1), 
  injr_otp_cvr_yn character(1), 
  dsas_hsp_cvr_yn character(1), 
  dsas_otp_cvr_yn character(1), 
  gnrz_hsp_cvr_yn character(1), 
  gnrz_otp_cvr_yn character(1), 
  gu_plyno character varying(16), 
  gu_fire_lgin_id character varying(20), 
  sep_cr_cn_yn character(1), 
  idnty_cnfc_kndcd character(10), 
  idnty_cnfc_et_info character varying(100), 
  idnty_cnfc_no character varying(40), 
  idnty_cnfc_isdt date, 
  idnty_cnfc_is_orgnm character varying(100), 
  rdch_cr_tpcd character(10), 
  relpc_scr_inp_yn character(1), 
  cr_udrtk_arecd character(10), 
  pect_sl_mntr_chncd character(10), 
  crcc_colus_agre_yn character(1), 
  crcc_crdir_agre_yn character(1), 
  crcc_crdio_agre_yn character(1), 
  gdint_colus_agre_yn character(1), 
  gdint_crdio_agre_yn character(1), 
  gdint_sesin_agre_yn character(1), 
  crcc_sesin_agre_yn character(1), 
  pfb_astch_agr_yn character(1), 
  pfb_astch_rscd character(10), 
  load_dthms timestamp(0) without time zone
)
WITH (  OIDS=FALSE)
DISTRIBUTED BY (plyno)
CREATE TABLE
Time: 402.241 ms
Timing is on.
CREATE TABLE ins_incm_prm
(
  plyno character varying(16) NOT NULL, 
  incm_prm_cr_seqno numeric(5) NOT NULL, 
  pym_seq numeric(5) NOT NULL, 
  ndsno character(4), 
  fnl_pym_yymm character(6), 
  pyp_t_seq numeric(5), 
  rp_prm numeric(15) NOT NULL, 
  ap_prm numeric(15) NOT NULL, 
  dp_cascd character(10) NOT NULL, 
  dp_dt_cascd character(10) NOT NULL, 
  rv_sbno character varying(20), 
  ccldt date, 
  ccl_flgcd character(10), 
  ppdt date, 
  pym_cyccd character(10), 
  dh_stfno character(7) NOT NULL, 
  usrno character(7), 
  rp_admno character varying(20), 
  mncd character(10), 
  fc_ap_prm numeric(17,2) NOT NULL, 
  usd_cv_ap_prm numeric(17,2) NOT NULL, 
  xcrt_flgcd character(10), 
  fc_ap_xcrt numeric(12,6) NOT NULL, 
  usd_ap_xcrt numeric(12,6) NOT NULL, 
  fc_condt_t_prm numeric(17,2) NOT NULL, 
  condt_t_prm numeric(15) NOT NULL, 
  udrtk_tycd character(10), 
  otcm_mg_cmpcd character(10), 
  cnn_incm_prmcr_seqno numeric(5), 
  hscs_hs_flgcd character(10), 
  pyp_ad_cs numeric(17,2) NOT NULL, 
  ba_cvr_prm numeric(15) NOT NULL, 
  trt_prm numeric(15) NOT NULL, 
  cu_prm numeric(15) NOT NULL, 
  flpy_cvr_trt_prm numeric(15) NOT NULL, 
  dcbf_cu_prm numeric(15) NOT NULL, 
  cu_nprm numeric(15) NOT NULL, 
  ppy_yn character(1), 
  ppy_dc_yn character(1), 
  nwfsq_flgcd character(10), 
  auto_tf_dc_yn character(1), 
  rvi_nt numeric(15) NOT NULL, 
  du_ar_flgcd character(10), 
  prm_diss_yn character(1), 
  cvr_prm_disbj_yn character(1), 
  dcbf_prm numeric(15) NOT NULL, 
  sb_flgcd character(10), 
  onds_dp_tpcd character(10), 
  bkcd character(10), 
  bk_brcd character(10), 
  bk_extn_qfp character(10), 
  bk_ipps character(10), 
  bnc_admr character(7), 
  pym_dudt date, 
  dbl_paym_yn character(1), 
  ac_tf_yn character(1), 
  uc_prm_yn character(1), 
  co_crt_rv_flgcd character(10), 
  ikd_grpcd character(10) NOT NULL, 
  ccl_wdr_rtn_nt numeric(15) NOT NULL, 
  payao_yn character(1), 
  amt_ndscd character(10), 
  crt_relpc_seqno numeric(10), 
  tincm_prm_cr_seqno numeric(5), 
  co_crt_yn character(1), 
  pyno_whpy_bjno character(10), 
  cu_st_rpdt date, 
  inp_usr_id character(7) NOT NULL, 
  inp_dthms timestamp(0) without time zone NOT NULL, 
  mdf_usr_id character(7) NOT NULL, 
  mdf_dthms timestamp(0) without time zone NOT NULL, 
  self_cr_yn character(1), 
  rdch_cr_yn character(1), 
  rv_dldt date , 
  load_dthms timestamp(0) without time zone

)
WITH (  OIDS=FALSE)
DISTRIBUTED BY (plyno)
CREATE TABLE
Time: 401.545 ms
Timing is on.
CREATE TABLE ins_ins_cr
(
  plyno character varying(16) NOT NULL, 
  ap_nddt date NOT NULL, 
  ap_strdt date NOT NULL, 
  ndsno character(4) NOT NULL, 
  vald_nds_yn character(1) NOT NULL, 
  nds_ap_str_dthms timestamp(0) without time zone NOT NULL, 
  nds_ap_nd_dthms timestamp(0) without time zone NOT NULL, 
  fnl_cr_stcd character(10), 
  fnl_cr_dt_stcd character(10), 
  fnl_cr_st_chdt date, 
  cnrdt date, 
  plno character varying(16), 
  cgaf_ch_seqno numeric(5), 
  fnl_pym_seq numeric(5), 
  fnl_pym_yymm character(6), 
  ply_lvl_flgcd character(10) NOT NULL, 
  gdcd character(10) NOT NULL, 
  ikd_grpcd character(10) NOT NULL, 
  ins_imcd character(10), 
  nw_rnw_flgcd character(10), 
  apldt date, 
  trm_sct_flgcd character(10), 
  ins_st date NOT NULL, 
  ins_st_hms character(4), 
  ins_clstr date NOT NULL, 
  ins_clstr_hms character(4), 
  ins_days numeric(5), 
  condt_t_ap_prm numeric(15) NOT NULL, 
  pym_mtdcd character(10), 
  ce_rowcd character(10), 
  ply_rc_mtdcd character(10), 
  holo_sign_yn character(1), 
  gr_cr_yn character(1), 
  cr_chncd character(10), 
  cprtb_admno character(10), 
  cmpg_bj_yn character(1), 
  nrdct numeric(9), 
  udrtk_tycd character(10), 
  crycd character(10), 
  otcm_mg_cmpcd character(10), 
  otcm_plyno character varying(25), 
  otcm_ply_ssdt date, 
  agmt_aqr_rt_flgcd character(10), 
  nsc_yn character(1), 
  bk_admno character varying(20), 
  bk_brcd character(10), 
  bk_extn_qfp character(10), 
  bk_ipps character(10), 
  hscs_hs_flgcd character(10), 
  ps_cst_yn character(1), 
  rt_aqr_rqno character varying(20), 
  onw_cr_flgcd character(10), 
  rv_ccldt date, 
  fmlct numeric(5), 
  bzcs_qtrt_ap_yn character(1), 
  prort_shtm_flgcd character(10), 
  same_ply_flgcd character(10), 
  dc_xc_ap_flgcd character(10), 
  pypof_symb character(10), 
  rglt_vltct numeric(7), 
  rglt_vlt_poct numeric(3), 
  rglt_vltcd character(10), 
  is_crrcd character(10), 
  spc_xccd character(10), 
  dty_pym_mtdcd character(10), 
  pst_rpbl_is_yn character(1), 
  gn_co_obj_flgcd character(10), 
  co_obj_asno character varying(14), 
  bfcr_iscmp character(2), 
  bfcr_ikdcd character(2), 
  bfcr_year character(2), 
  bfcr_no character(10), 
  bfcr_ins_st date, 
  bfcr_ins_clstr date, 
  bfcr_aprt numeric(12,6) NOT NULL, 
  dvpns_plyno character varying(16), 
  dvpns_jbcd character(10), 
  udrtk_gu_arecd character(10), 
  udrtk_grdcd character(10), 
  sng_cr_flgcd character(10), 
  ins_itm_smccd character(10), 
  fsti_rp_prm numeric(15) NOT NULL, 
  dc_xc_grdcd character(10), 
  a_sct_ct numeric(3), 
  b_sct_ct numeric(3), 
  bfcr_dc_xc_grdcd character(10), 
  dc_xc_same_grdyn character(1), 
  rpbl_ins_plyno character varying(16), 
  repy_nt_rcpdt date, 
  repy_nt_rcp_seqno numeric(5), 
  xacd character(10), 
  xc_cyccd character(10), 
  cr_tpcd character(10), 
  hlt_ins_is_yn character(1), 
  unf_rt_ap_yn character(1), 
  avg_age_flgcd character(10), 
  dpsrt numeric(12,6) NOT NULL, 
  dpst_prm_cc_flgcd character(10), 
  xc_prdy character(2), 
  is_tpcd character(10), 
  ssng_arecd character(10), 
  ssst character varying(100), 
  ssng_ojccd character(10), 
  trf_ridcd character(10), 
  ssng_cmpnm character varying(100), 
  nrdps_adm_mtdcd character(10), 
  stdsb_rk_grdcd character(10), 
  stdsb_flgcd character(10), 
  rl_stdsb character varying(100), 
  prctc_pln character varying(100), 
  prctc_nm character varying(100), 
  prctc_mntct numeric(3), 
  dmgrt_md_cfcap_bzmno character(10), 
  dmgrt_md_cfc_crpno character varying(13), 
  dmgrt_md_cfcap_yn character(1), 
  fcntr_dmgrt numeric(12,6) NOT NULL, 
  dmgrt_md_cfc numeric(12,6) NOT NULL, 
  fcntr_sclcd character(10), 
  cc_prm numeric(15) NOT NULL, 
  nkor_rs_yn character(1), 
  ins_rt_flgcd character(10), 
  ap_cvr_flgcd character(10), 
  chaf_annu_apprm numeric(17,2) NOT NULL, 
  rt_aqr_unt_flgcd character(10), 
  rt_aqr_stncd character(10), 
  bsns_chrps_stfno character(7), 
  intn_rltno character varying(30), 
  cstcp_flgcd character(10), 
  chr_admr_stfno character(7), 
  nvgtn_arecd character(10), 
  et_nvgtn_arenm character varying(200), 
  condt_qtrt_frcap_yn character(1), 
  ss_plyct numeric(3), 
  trspr_cmpnm character varying(100), 
  dstcd character(10), 
  spcl_tr_dst numeric(7,2), 
  tr_days numeric(5), 
  snddt date, 
  arvdt date, 
  lowt_prm_ap_yn character(1), 
  slfdt date, 
  outus_mncd character(10), 
  ivamt_prt_yn character(1), 
  bl_yn character(1), 
  vp_clm character(10), 
  dc_mtdcd character(10), 
  dvdld_ct numeric(5), 
  xpipt_op_flgcd character(10), 
  carg_dt_flgcd character(10), 
  trt_yymm character(6), 
  fltno character(8), 
  flt_dc_yn character(1), 
  shtm_xc_yn character(1), 
  annu_shtm_flgcd character(10), 
  op_crano character(8), 
  op_cr_ch_seq numeric(3), 
  op_cr_napc_yn character(1), 
  nv_ctmno character(9), 
  nv_cprt_entp_seqno numeric(3), 
  xc_ctmno character(9), 
  xc_cprt_entp_seqno numeric(3), 
  marne_onds_no character(9), 
  nvgtn_sct_dstcd character(10), 
  inlwt_slng_yn character(1), 
  cmpx_tr_yn character(1), 
  prvsn_dcn_flgcd character(10), 
  cr_objnm character varying(100), 
  pym_trm_flgcd character(10), 
  pym_trm numeric(3), 
  pym_trmcd character(10), 
  rl_pym_trm numeric(3), 
  nd_flgcd character(10), 
  nd numeric(3), 
  ndcd character(10), 
  rl_nd_trm numeric(3), 
  nd_rtamt_py_tpcd character(10), 
  inr_ins_cr_strdt date, 
  inr_ins_cr_nddt date, 
  pym_cyccd character(10), 
  type_flgcd character(10), 
  dfr_trm numeric(3), 
  mw_py_mtdcd character(10), 
  rvi_nt numeric(15) NOT NULL, 
  rvi_nt_crdt date, 
  an_py_stdt date, 
  an_py_age numeric(3), 
  an_py_trm numeric(3), 
  annu_an_py_ct numeric(5), 
  an_pytcd character(10), 
  an_py_girt numeric(12,6) NOT NULL, 
  tx_pf_flgcd character(10), 
  iht_yn character(1), 
  tx_pfamt numeric(15) NOT NULL, 
  tx_pf_rgt_flgcd character(10), 
  tx_pf_cncd character(10), 
  tx_pf_cnldt date, 
  tx_pf_gd_csfcd character(10), 
  cr_cvr_is_yn character(1), 
  cv_yn character(1), 
  gr_cr_flgcd character(10), 
  gr_dscrt numeric(12,6) NOT NULL, 
  pym_xmp_stdt date, 
  avg_rt_ap_yn character(1), 
  man_avg_ap_age numeric(3), 
  fml_avg_ap_age numeric(3), 
  man_avg_injr_rnkcd character(10), 
  fml_avg_injr_rnkcd character(10), 
  man_avg_drve_tycd character(10), 
  fml_avg_drve_tycd character(10), 
  plcd character(10), 
  ibnf_py_tpcd character(10), 
  drve_tycd character(10), 
  drve_cr_usecd character(10), 
  embr_minsr_yn character(1), 
  sb_pym_rq_yn character(1), 
  befo_plyno character varying(16), 
  bdl_pym_yn character(1), 
  gr_ctmno character(9), 
  ppr_plyno character varying(16), 
  fnl_dh_stfno character(7) NOT NULL, 
  gdxpn_ss_bj_yn character(1), 
  inp_usr_id character(7) NOT NULL, 
  inp_dthms timestamp(0) without time zone NOT NULL, 
  mdf_usr_id character(7) NOT NULL, 
  mdf_dthms timestamp(0) without time zone NOT NULL, 
  self_cr_yn character(1), 
  rdch_cr_yn character(1), 
  cr_info_cvap_yn character(1), 
  gdxpn_trnm_yn character(1), 
  nwcr_scan_bj_yn character(1), 
  nwcr_scan_cplt_yn character(1), 
  nwcr_scan_cplt_dthms timestamp(0) without time zone, 
  dc_st_flgcd character(10), 
  gu_fire_gdcd character(10), 
  gu_fire_gdnm character varying(100), 
  gu_plyno character varying(16), 
  rltn_plyno character varying(16), 
  xwpy_rtntm_ntpy_yn character(1), 
  y3_clm_ct numeric(3), 
  apl_tycd character(10), 
  sep_cr_flgcd character(10), 
  vlt_spc_xccd character(10), 
  y1_clm_ct numeric(3), 
  y1_clm_yn character(1), 
  ibnf_sb_pym_yn character(1), 
  ibnf_sb_pym_st date, 
  rnw_nddt date, 
  sign_mtdcd character(10), 
  nd_sep_rtn_tycd character(10), 
  nd_sep_py_mtdcd character(10), 
  dc_plyno character varying(20), 
  load_dthms timestamp(0) without time zone


)
WITH (  OIDS=FALSE)
DISTRIBUTED BY (plyno)
CREATE TABLE
Time: 427.069 ms
Timing is on.
CREATE TABLE ins_prm_pym_pr
(
  plyno character varying(16) NOT NULL, 
  pym_seq numeric(5) NOT NULL, 
  crt_relpc_seqno numeric(10) NOT NULL, 
  mncd character(10) NOT NULL, 
  ap_nddt date NOT NULL, 
  ap_strdt date NOT NULL, 
  ndsno character(4) NOT NULL, 
  vald_nds_yn character(1) NOT NULL, 
  nds_ap_str_dthms timestamp(0) without time zone NOT NULL, 
  nds_ap_nd_dthms timestamp(0) without time zone NOT NULL, 
  ikd_grpcd character(10) NOT NULL, 
  ba_cvr_prm numeric(15) NOT NULL, 
  trt_prm numeric(15) NOT NULL, 
  cu_prm numeric(15) NOT NULL, 
  flpy_cvr_trt_prm numeric(15) NOT NULL, 
  dcbf_cu_prm numeric(15) NOT NULL, 
  dcbf_flpy_cvrtr_prm numeric(15) NOT NULL, 
  t1_prm numeric(15) NOT NULL, 
  cumny_sb_prm numeric(15) NOT NULL, 
  ap_prm numeric(17,2) NOT NULL, 
  dcbf_prm numeric(15) NOT NULL, 
  woncr_cv_ap_prm numeric(15) NOT NULL, 
  condt_t_prm numeric(17,2) NOT NULL, 
  woncv_condt_t_prm numeric(15) NOT NULL, 
  thcpq_ap_prm numeric(17,2) NOT NULL, 
  thcpq_woncv_ap_prm numeric(15) NOT NULL, 
  nds_ap_prm numeric(17,2) NOT NULL, 
  woncv_nds_ap_prm numeric(15) NOT NULL, 
  pym_prdt date, 
  dcndt date, 
  hg_pym_perd date, 
  pyp_rt numeric(12,6) NOT NULL, 
  incm_prm_cr_seqno numeric(5), 
  prm_flgcd character(10), 
  nds_prm_yn character(1), 
  xwpy_amt numeric(15) NOT NULL, 
  pym_pr_stcd character(10), 
  pym_cyccd character(10), 
  cu_nprm numeric(15) NOT NULL, 
  xcrt numeric(12,6) NOT NULL, 
  dmpdt date, 
  npy_cnldt date, 
  wrdmp_snddt date, 
  inp_usr_id character(7) NOT NULL, 
  inp_dthms timestamp(0) without time zone NOT NULL, 
  mdf_usr_id character(7) NOT NULL, 
  mdf_dthms timestamp(0) without time zone NOT NULL, 
  prm_dcamt numeric(15) NOT NULL, 
  load_dthms timestamp(0) without time zone


)
WITH (  OIDS=FALSE)
DISTRIBUTED BY (plyno, pym_seq)
CREATE TABLE
Time: 404.200 ms
Timing is on.
CREATE TABLE m_ccr_cr_ins_cr
(
  plyno character varying(16) NOT NULL, 
  cr_yymm character(6), 
  cnrdt date, 
  ins_itm_smccd character(10), 
  ins_imcd character(10), 
  gdcd character(10), 
  gd_ty_flgcd character(10), 
  nw_rnw_flgcd character(10), 
  ins_st date, 
  ins_st_yymm character(6), 
  ins_clstr date, 
  ins_clstr_yymm character(6), 
  ins_days numeric(5), 
  ap_prm numeric(17,2), 
  trt_ap_cvr_prmsm numeric(17,2), 
  dty_pym_mtdcd character(10), 
  optn_pym_mtdcd character(10), 
  holo_sign_yn character(1), 
  cr_chncd character(10), 
  same_ply_flgcd character(10), 
  fnl_cr_stcd character(10), 
  nrdps_ctmno character(9), 
  nrdps_lclcd character(10), 
  nrdps_mdccd character(10), 
  nrdps_smccd character(10), 
  nrdps_age numeric(3), 
  nrdps_sexcd character(10), 
  nrdps_jbcd character(10), 
  nrdps_cr_oper_tycd character(10), 
  nrdps_adr_sd character varying(30), 
  nrdps_adr_sgng character varying(30), 
  nrdps_adr_twmd character varying(30), 
  dh_stfno character(7), 
  dh_usr_no character(7), 
  ce_stfno character(7), 
  ce_usrno character(7), 
  cer_stf_flgcd character(10), 
  cprtb_admno character(10), 
  nsc_yn character(1), 
  fscr_yn character(1), 
  fscr_mntct numeric(4), 
  fscr_days numeric(9), 
  clmct numeric(7), 
  crt_ctmno character(9), 
  crt_age numeric(3), 
  crt_sexcd character(10), 
  crt_adr_sd character varying(30), 
  crt_adr_sgng character varying(30), 
  crt_adr_twmd character varying(30), 
  crt_jbcd character(10), 
  prort_shtm_flgcd character(10), 
  rglt_vltcd character(10), 
  is_crrcd character(10), 
  spc_xccd character(10), 
  gn_co_obj_flgcd character(10), 
  bfcr_iscmp character(2), 
  bfcr_ikdcd character(2), 
  bfcr_year character(2), 
  bfcr_no character(10), 
  bfcr_ins_st date, 
  bfcr_ins_clstr date, 
  bfcr_aprt numeric(12,6), 
  udrtk_gu_arecd character(10), 
  pl_udrtk_grdcd character(10), 
  cr_udrtk_grdcd character(10), 
  sng_cr_flgcd character(10), 
  stsus_catcd character(10), 
  cr_yytp character(4), 
  cramt numeric(15), 
  cr_vlamt_sm numeric(17,2), 
  airb_ct numeric(3), 
  dspl numeric(4), 
  cnmcd character varying(11), 
  crncd character varying(20), 
  carno_hngl character varying(50), 
  chsno_or_tmpno character varying(30), 
  ap_cr_tycd character(10), 
  dma_foma_flgcd character(10), 
  cr_usecd character(10), 
  cr_prd_cmpcd character(10), 
  rpbl_stdrt numeric(12,6), 
  optn_stdrt numeric(12,6), 
  rpbl_spc_xcrt numeric(12,6), 
  optn_spc_xcrt numeric(12,6), 
  rglt_vltrt numeric(12,6), 
  age_lmit_trtcd character(10), 
  drv_lmit_trtcd character(10), 
  cmps_tr_trtcd character(10), 
  spcrt_rkgd_yn character(1), 
  spcrt_spcl_eqp_yn character(1), 
  spcrt_crty_opus_yn character(1), 
  spc_rt_airb_yn character(1), 
  spcrt_abs_bag_yn character(1), 
  spcrt_mch_eqp_yn character(1), 
  spcrt_co_us_yn character(1), 
  spcrt_rbpeq_rt_yn character(1), 
  spcrt_auto_yn character(1), 
  owcr_is_yn character(1), 
  owcr_isamt numeric(17,2), 
  ppr_plyno character varying(16), 
  cnn_ltrm_plyno character varying(16), 
  wcvis_yn character(1), 
  onoff_nw_rnw_flgcd character(10), 
  co_obj_as_yn character(1), 
  rgsct numeric(5), 
  dvpns_plyno character varying(16), 
  cr_grdcd character(10), 
  dc_xc_grdcd character(10), 
  onw_cr_flgcd character(10), 
  y3_clm_ct numeric(3), 
  y1_clm_ct numeric(3), 
  y1_clm_yn character(1), 
  plcd character(10) ,
  load_dthms timestamp(0) without time zone

)
WITH (  OIDS=FALSE)
DISTRIBUTED BY (plyno);
CREATE TABLE
Time: 427.295 ms
Timing is on.
CREATE TABLE m_cod_bzus_ins_itm_csfcd
(
  ins_imcd character(10) NOT NULL, 
  ins_imnm character varying(100), 
  gd_lclcd character(10), 
  gd_lclnm character varying(100), 
  gd_mdccd character(10), 
  gd_mdcnm character varying(100), 
  gd_smccd character(10), 
  gd_smcnm character varying(100) ,
  load_dthms timestamp(0) without time zone
)
WITH (APPENDONLY=true, COMPRESSLEVEL=5,   OIDS=FALSE)
DISTRIBUTED BY (ins_imcd);
CREATE TABLE
Time: 430.068 ms
Timing is on.
CREATE TABLE m_cod_cvrcd
(
  cvrcd character(8) NOT NULL, 
  cvrnm character varying(100), 
  cvr_lvl_1_cd character(10), 
  cvr_lvl_1_nm character varying(100), 
  cvr_lvl_2_cd character(10), 
  cvr_lvl_2_nm character varying(100), 
  cvr_lvl_3_cd character(10), 
  cvr_lvl_3_nm character varying(100), 
  cvr_lvl_4_cd character(10), 
  cvr_lvl_4_nm character varying(100), 
  load_dthms timestamp(0) without time zone
)
WITH (APPENDONLY=true, COMPRESSLEVEL=5,   OIDS=FALSE)
DISTRIBUTED BY (cvrcd);
CREATE TABLE
Time: 420.234 ms
Timing is on.
CREATE TABLE m_cod_gdcd
(
  gdcd character(10) NOT NULL, 
  gdnm character varying(100), 
  ins_imcd character(10) NOT NULL, 
  sl_chncd character(10), 
  gd_ty_flgcd character(10), 
  prm_str_flgcd character(10), 
  dv_tpcd character(10), 
  gd_sl_tpcd character(10), 
  ikd_grpcd character(10) ,
  load_dthms timestamp(0) without time zone
)
WITH (APPENDONLY=true, COMPRESSLEVEL=5,   OIDS=FALSE)
DISTRIBUTED BY (gdcd);
CREATE TABLE
Time: 423.742 ms
Timing is on.
CREATE TABLE m_lcr_ltins_cr
(
  plyno character varying(16) NOT NULL, 
  cnrdt date, 
  cr_yymm character(6), 
  fnl_cr_stcd character(10), 
  fnl_cr_st_chdt date, 
  fnl_dt_cr_stcd character(10), 
  fnl_pym_seq numeric(5), 
  fnl_pym_yymm character(6), 
  ce_evmm numeric(5), 
  ce_seq numeric(10), 
  ply_lvl_flgcd character(10), 
  ins_imcd character(10), 
  gdcd character(10), 
  prm_str_flgcd character(10), 
  ins_st date, 
  ins_st_yymm character(6), 
  ins_clstr date, 
  ins_clstr_yymm character(6), 
  t1_prm numeric(15), 
  ins_days numeric(5), 
  holo_sign_yn character(1), 
  dv_yn character(1), 
  pym_trm numeric(3), 
  rl_pym_trm numeric(3), 
  rl_nd_trm numeric(3), 
  pym_trm_flgcd character(10), 
  pym_trmcd character(10), 
  ce_rowcd character(10), 
  nd_flgcd character(10), 
  ndcd character(10), 
  cr_chncd character(10), 
  plcd character(10), 
  bm_stfno character(7), 
  bkcd character(10), 
  bk_brcd character(10), 
  bk_extn_qfp character(10), 
  mn_nrdps_ctmno character(9), 
  mn_nrdps_is_age numeric(3), 
  mn_nrdps_age numeric(3), 
  mn_nrdps_sexcd character(10), 
  mn_nrdps_injr_rnkcd character(10), 
  mn_nrdps_jbcd character(10), 
  dh_stfno character(7), 
  dh_usr_no character(7), 
  ce_bz_part_flgcd character(10), 
  ce_hdqt_orgcd character(7), 
  ce_br_orgcd character(7), 
  ce_bzp_orgcd character(7), 
  ce_tm_orgcd character(7), 
  ce_stfno character(7), 
  ce_usrno character(7), 
  cer_stf_flgcd character(10), 
  spccf_cr_yn character(1), 
  clm_yn character(1), 
  clmct numeric(7), 
  crt_ctm_tpcd character(10), 
  crt_ctmno character(9), 
  crt_ctm_flgcd character(10), 
  crrnm character varying(100), 
  crt_is_age numeric(3), 
  crt_sexcd character(10), 
  crt_adr_sd character varying(30), 
  crt_adr_sgng character varying(30), 
  crt_ltrm_jbcd character(10), 
  cm_mtdcd character(10), 
  pym_cyccd character(10), 
  rvi_yn character(1), 
  ap_rato numeric(7,2), 
  pr_rato numeric(7,2), 
  crmrt_cr_yn character(1), 
  self_cr_yn character(1), 
  ta_cr_yn character(1), 
  cprtb_admno character(10), 
  nsc_yn character(1), 
  ppr_plyno character varying(16), 
  cnn_cr_plyno character varying(16), 
  vald_cr_yn character(1), 
  ar_flgcd character(10), 
  st_rato_kndcd character(10), 
  nwcr_ctu_flgcd character(10), 
  cr_st_apdt date, 
  nwcr_scan_bj_yn character(1), 
  nwcr_scan_cplt_yn character(1), 
  nwcr_scan_cplt_dthms timestamp(0) without time zone, 
  load_dthms timestamp(0) without time zone

)
WITH (APPENDONLY=true, COMPRESSLEVEL=5,   OIDS=FALSE)
DISTRIBUTED BY (plyno);
CREATE TABLE
Time: 409.603 ms
Timing is on.
CREATE TABLE m_lcr_ltrm_incm_prm
(
  plyno character varying(16) NOT NULL, 
  incm_prm_cr_seqno numeric(5) NOT NULL, 
  ndsno character(4), 
  ppdt date, 
  pvl_yymm character(6), 
  dh_bz_part_flgcd character(10), 
  dh_hdqt_orgcd character(7), 
  dh_br_orgcd character(7), 
  dh_bzp_orgcd character(7), 
  dh_tm_orgcd character(7), 
  dh_stfno character(7), 
  org_dh_stfno character(7), 
  admr_stfno character(7), 
  dh_stf_bz_stcd character(10), 
  dh_usr_no character(7), 
  ctmno character(9), 
  ctm_nm character varying(100), 
  ctm_tpcd character(10), 
  gdcd character(10), 
  nwfsq_flgcd character(10), 
  rp_pth_flgcd character(10), 
  pym_dudt date, 
  pym_seq numeric(5), 
  pym_cyccd character(10), 
  pym_tpcd character(10), 
  ppy_tpcd character(10), 
  ppy_flgcd character(10), 
  flppy_yn character(1), 
  nsc_yn character(1), 
  nsccd character(10), 
  cr_stcd character(10), 
  bkcd character(10), 
  bk_brcd character(10), 
  bk_brnm character varying(100), 
  bk_extn_qfp character(10), 
  bnc_admr character(7), 
  dp_cascd character(10), 
  dp_dt_cascd character(10), 
  onds_dp_tpcd character(10), 
  sb_flgcd character(10), 
  mnt_flgcd character(10), 
  incm_prm numeric(15), 
  ap_prm numeric(17,2), 
  cu_prm numeric(15), 
  gn_prm numeric(15), 
  mpy_cv_prm numeric(17,2), 
  gnte_mpy_cvprm numeric(17,2), 
  cumt_mpy_cvprm numeric(17,2), 
  gnte_cv_prm numeric(15), 
  cumt_cv_prm numeric(15), 
  flpy_cvr_trt_prm numeric(15), 
  dcbf_prm numeric(15), 
  load_dthms timestamp(0) without time zone
)

WITH (APPENDONLY=true, COMPRESSLEVEL=5,   OIDS=FALSE)
DISTRIBUTED BY (plyno)
CREATE TABLE
Time: 418.642 ms
Timing is on.
CREATE TABLE m_lwt_dm_rd_rptg_list
(
  vl_yymm character(6) NOT NULL, 
  rcp_yymm character(6) NOT NULL, 
  rcp_nv_seqno character(5) NOT NULL, 
  ins_imcd character(10) NOT NULL, 
  dm_rd_rptg_seqno numeric(3) NOT NULL, 
  cvgcd character(10) NOT NULL, 
  adm_chrps_stfno character(7) NOT NULL, 
  adm_chrps_tm_orgcd character(7), 
  adm_chrps_orgcd character(7), 
  rptdt date, 
  prvdt date, 
  imu_tpcd character(10), 
  plyno character varying(16), 
  clmdt date, 
  rcpdt date, 
  cnrdt date, 
  clm_carno character varying(20), 
  nrdnm character varying(100), 
  clm_cvrnm character varying(100), 
  siu_admno_yr character(4), 
  siu_admno_seqno character(6), 
  siu_dl_rstcd character(10), 
  ce_stfno character(7), 
  ce_bzp_orgcd character(7), 
  ce_br_orgcd character(7), 
  gn_co_obj_flgcd character(10), 
  cvap_rcgnt_yn character(1), 
  detc_orgnm character varying(100), 
  cnbd numeric(5,2), 
  moff_vl_vwbl_poct numeric(3), 
  dfwk_poct numeric(3), 
  fdg_poct numeric(3), 
  ins_crme_ct numeric(9), 
  dm_rd_ct numeric(9), 
  ins_crme_sjtdn_ct numeric(5), 
  ibnf_rdamt numeric(15), 
  xp_dmamt numeric(15), 
  dm_rd_poct numeric(4,1), 
  ap_prm numeric(17,2), 
  ins_crme_scr numeric(4,1), 
  ins_crme_dmk numeric(4,1), 
  ins_crme_t_poct numeric(4,1), 
  no1_relnm character varying(100), 
  no1_relpc_rsno character varying(40), 
  no1_nrdps_relnm character varying(50), 
  no1_relpc_jbnm character varying(100), 
  no2_relnm character varying(100), 
  no2_relpc_rsno character varying(40), 
  no2_nrdps_relnm character varying(50), 
  no2_relpc_jbnm character varying(100), 
  no3_relnm character varying(100), 
  no3_relpc_rsno character varying(40), 
  no3_nrdps_relnm character varying(50), 
  no3_relpc_jbnm character varying(100), 
  n04_relnm character varying(100), 
  n04_relpc_rsno character varying(40), 
  n04_nrdps_relnm character varying(50), 
  n04_relpc_jbnm character varying(100), 
  n05_relnm character varying(100), 
  n05_relpc_rsno character varying(40), 
  n05_nrdps_relnm character varying(50), 
  n05_relpc_jbnm character varying(100), 
  fr_xiamt numeric(15), 
  remn_xiamt numeric(15), 
  ds_ibamt numeric(15), 
  rcamt numeric(15), 
  nvr_stfno character(7), 
  udwr_stfno character(7), 
  nvr_cnbd numeric(5,2), 
  udwr_cnbd numeric(5,2), 
  itg1_imu_yn character(1), 
  itg2_imu_yn character(1), 
  siu_nv_tpcd character(10), 
  appr_dm_rd_ct numeric(10,2), 
  appr_ibnf_rdamt numeric(17,2), 
  load_dthms timestamp(0) without time zone

)
WITH (APPENDONLY=true, COMPRESSLEVEL=5,   OIDS=FALSE)
DISTRIBUTED BY (vl_yymm, rcp_yymm, rcp_nv_seqno, ins_imcd, dm_rd_rptg_seqno, cvgcd, adm_chrps_stfno)
CREATE TABLE
Time: 429.248 ms
Timing is on.
CREATE TABLE m_org_bz_orgn
(
  stfno character(7) NOT NULL, 
  stfnm character varying(100), 
  rsno character varying(40), 
  nm character varying(100), 
  bz_part_flgcd character(10), 
  bz_part_flgnm character varying(100), 
  hdqt_orgcd character(7), 
  hdqnm character varying(100), 
  hdqt_org_ordr numeric(5), 
  hdqt_org_spcd character(10), 
  hdqt_org_tpcd character(10), 
  br_orgcd character(7), 
  brnm character varying(100), 
  br_org_ordr numeric(5), 
  br_org_spcd character(10), 
  br_org_tpcd character(10), 
  bzp_orgcd character(7), 
  bzp_nm character varying(100), 
  bzp_org_ordr numeric(5), 
  bzp_org_spcd character(10), 
  bzp_org_tpcd character(10), 
  tm_orgcd character(7), 
  tmnm character varying(100), 
  tm_org_ordr numeric(5), 
  tm_org_spcd character(10), 
  tm_org_tpcd character(10), 
  tm_kndcd character(10), 
  org_rgt_cmpcd character(10), 
  stfno_grtdt date, 
  ntrdt date, 
  retdt date, 
  stadt date, 
  stf_bz_stcd character(10), 
  sexcd character(10), 
  age numeric(3), 
  wdg_yn character(1), 
  indc_stfno character(7), 
  indc_relcd character(10), 
  stf_flgcd character(10), 
  fnl_edbcd character(10), 
  apo_stb_mmthr numeric(5), 
  adm_orgcd character(7), 
  ppr_adm_orgcd character(7), 
  atch_yn character(1), 
  bdtcd character(10), 
  dtycd character(10), 
  agy_quf_grdcd character(10), 
  agy_pntcd character(10), 
  admr_stfno character(7), 
  admr_stf_nm character varying(100), 
  st_stfno character(7), 
  intr_tpcd character(10), 
  ins_crr_btpcd character(10), 
  scil_crrcd character(10), 
  bz_atrcd character(10), 
  psn_grdcd character(10), 
  bz_fml_tmnd_grdcd character(10), 
  bz_fml_qufcd character(10), 
  pstn_chccd character(10), 
  pstn_chcdt date, 
  rapo_yn character(1), 
  club_mbr_grdcd character(10), 
  onfml_pf_yn character(1), 
  adm_stfno character(7), 
  stf_rsdpl_sd character varying(30), 
  stf_rsdpl_sgng character varying(30), 
  stf_rsdpl_twmd character varying(30), 
  xstf_bz_flgcd character(10), 
  load_dthms timestamp(0) without time zone

)
WITH (APPENDONLY=true, COMPRESSLEVEL=5,   OIDS=FALSE)
DISTRIBUTED BY (stfno);
CREATE TABLE
Time: 442.175 ms
Timing is on.
CREATE TABLE m_org_mthy_bz_orgn
(
  cls_yymm character(6) NOT NULL, 
  stfno character(7) NOT NULL, 
  stfnm character varying(100), 
  rsno character varying(40), 
  nm character varying(100), 
  bz_part_flgcd character(10), 
  bz_part_flgnm character varying(100), 
  hdqt_orgcd character(7), 
  hdqnm character varying(100), 
  br_orgcd character(7), 
  brnm character varying(100), 
  bzp_orgcd character(7), 
  bzp_nm character varying(100), 
  tm_orgcd character(7), 
  tmnm character varying(100), 
  tm_kndcd character(10), 
  org_rgt_cmpcd character(10), 
  stfno_grtdt date, 
  ntrdt date, 
  retdt date, 
  stadt date, 
  stf_bz_stcd character(10), 
  sexcd character(10), 
  age numeric(3), 
  wdg_yn character(1), 
  indc_stfno character(7), 
  indc_relcd character(10), 
  stf_flgcd character(10), 
  fnl_edbcd character(10), 
  apo_stb_mmthr numeric(5), 
  adm_orgcd character(7), 
  ppr_adm_orgcd character(7), 
  atch_yn character(1), 
  bdtcd character(10), 
  dtycd character(10), 
  agy_quf_grdcd character(10), 
  agy_pntcd character(10), 
  admr_stfno character(7), 
  admr_stf_nm character varying(100), 
  st_stfno character(7), 
  intr_tpcd character(10), 
  ins_crr_btpcd character(10), 
  bz_atrcd character(10), 
  psn_grdcd character(10), 
  bz_fml_tmnd_grdcd character(10), 
  bz_fml_qufcd character(10), 
  pstn_chccd character(10), 
  pstn_chcdt date, 
  rapo_yn character(1), 
  club_mbr_grdcd character(10), 
  onfml_pf_yn character(1), 
  adm_stfno character(7), 
  stf_rsdpl_sd character varying(30), 
  stf_rsdpl_sgng character varying(30), 
  stf_rsdpl_twmd character varying(30), 
  sty_yn character(1), 
  xstf_bz_flgcd character(10), 
  load_dthms timestamp(0) without time zone

)
WITH (APPENDONLY=true, COMPRESSLEVEL=5,   OIDS=FALSE)
DISTRIBUTED BY (cls_yymm, stfno)
CREATE TABLE
Time: 412.213 ms
Timing is on.
CREATE TABLE m_org_org_ordr
(
  orgcd character(7) NOT NULL, 
  crnt_org_ordr numeric(5), 
  ap_dt date, 
  org_ordr numeric(5), 
  orgnm character varying(100), 
  org_shtnm character varying(100), 
  orgcd_orgnm character varying(100), 
  load_dthms timestamp(0) without time zone

)
WITH (APPENDONLY=true, COMPRESSLEVEL=5,   OIDS=FALSE)
DISTRIBUTED BY (orgcd);
CREATE TABLE
Time: 420.098 ms
Timing is on.
CREATE TABLE m_sam_bz_fml_styrt
(
  st_yymm character(6) NOT NULL, 
  stfno character(7) NOT NULL, 
  apo_yymm character(6), 
  pstn_chccd character(10), 
  stf_bz_stcd character(10), 
  onfml_pfaw_ben_yn character(1), 
  nwfac_actaw_ben_yn character(1), 
  sty_spaw_ben_yn character(1), 
  sty_yn character(1), 
  edu_crscd character(10), 
  edu_ntd_yymm character(6), 
  o1mm_dpl_yn character(1), 
  o2mm_dpl_yn character(1), 
  o3mm_dpl_yn character(1), 
  edu_prg_stcd character(10), 
  edu_crs_vl_mmdgr numeric(5), 
  sty_st_awamt numeric(17,2), 
  ce_st_awamt numeric(17,2), 
  load_dthms timestamp(0) without time zone
)
WITH (APPENDONLY=true, COMPRESSLEVEL=5,   OIDS=FALSE)
DISTRIBUTED BY (st_yymm, stfno)
CREATE TABLE
Time: 436.286 ms
Timing is on.
CREATE TABLE m_sam_dyb_bzfml_prsn_crst
(
  av_yymm character(6) NOT NULL, 
  av_stdt date NOT NULL, 
  stfno character(7) NOT NULL, 
  apo_stbdt date, 
  apo_stb_mmthr numeric(5), 
  sty_yn character(1), 
  ltrm_actvt_yn character(1), 
  cr_actvt_yn character(1), 
  gn_actvt_yn character(1), 
  std_actvt_flgcd character(10), 
  std_act_yn character(1), 
  tmr_mnth_cnv_hms numeric(3), 
  cm_bz_days numeric(3), 
  ltrm_extn_av_yn character(1), 
  cr_extn_av_yn character(1), 
  gn_extn_av_yn character(1), 
  edu_ntd_yymm character(6), 
  edu_crscd character(10), 
  edu_prg_stcd character(10), 
  edu_crs_vl_mmdgr numeric(5), 
  ltrm_gnte_nwcct numeric(10), 
  ltrm_cumt_nwcct numeric(10), 
  ltrm_gnte_nwcr_prm numeric(15), 
  ltrm_cumt_nwcr_prm numeric(15), 
  ltrm_gnte_nwmcv_prm numeric(15), 
  ltrm_cumt_nwmcv_prm numeric(15), 
  ltrm_gnte_nwccv_avamt numeric(17,2), 
  ltrm_cumt_nwccv_avamt numeric(17,2), 
  ltrm_gnte_ctu_prm numeric(15), 
  ltrm_cumt_ctu_prm numeric(15), 
  cr_tot_nwcct numeric(10), 
  cr_tot_nwct numeric(10), 
  cr_tot_avamt numeric(17,2), 
  cr_cv_avamt numeric(17,2), 
  gn_ins_nwcct numeric(10), 
  gn_ins_avamt numeric(17,2), 
  cmins_cv_avamt numeric(17,2), 
  ltrm_prdt_grd character(10), 
  pcked_prdt_grd character(10), 
  cr_vl_av numeric(15), 
  cr_cash_vl_av numeric(15), 
  cr_crd_vl_av numeric(15), 
  cr_vlct numeric(10), 
  bz_mmthr numeric(5), 
  load_dthms timestamp(0) without time zone
)
WITH (APPENDONLY=true, COMPRESSLEVEL=5,  OIDS=FALSE)
DISTRIBUTED BY (av_yymm, av_stdt, stfno)
CREATE TABLE
Time: 406.491 ms
Timing is on.
CREATE TABLE m_sam_stf_srtr_orgn
(
  st_yymm character(6) NOT NULL, 
  stfno character(7) NOT NULL, 
  stfnm character varying(100), 
  stf_ordcd character(7), 
  rsno character varying(40), 
  cmpcd character(10), 
  cmpnm character varying(100) NOT NULL, 
  bzndp_orgcd character(7), 
  bzndp_orgnm character varying(100), 
  hdqt_orgcd character(7), 
  hdqt_orgnm character varying(100), 
  hdqt_org_ordr numeric(5), 
  hdqt_org_stbdt date, 
  hdqt_org_clodt date, 
  hdqt_orghd_stfno character(7), 
  hdqt_orghd_nm character varying(100), 
  spgp_orgcd character(7), 
  spgp_orgnm character varying(100), 
  spgp_org_ordr numeric(5), 
  spgp_org_stbdt date, 
  spgp_org_clodt date, 
  spgp_orghd_stfno character(7), 
  spgp_orghd_nm character varying(100), 
  br_orgcd character(7), 
  br_orgnm character varying(100), 
  br_org_ordr numeric(5), 
  br_org_stbdt date, 
  br_org_clodt date, 
  br_orghd_stfno character(7), 
  br_orghd_nm character varying(100), 
  bzp_orgcd character(7), 
  bzp_orgnm character varying(100), 
  bzp_org_ordcd character(7), 
  bzp_org_stbdt date, 
  bzp_org_clodt date, 
  bzp_orghd_stfno character(7), 
  bzp_orghd_nm character varying(100), 
  bzp_org_tpcd character(10), 
  bzp_org_tpnm character varying(100), 
  bzp_org_spcd character(10), 
  bzp_org_spnm character varying(100), 
  stf_org_flgcd character(7), 
  tm_orgcd character(7), 
  tmnm character varying(100), 
  tm_org_ordcd character(7), 
  tm_org_stbdt date, 
  tm_org_clodt date, 
  adm_stfno character(7), 
  adm_stfnm character varying(100), 
  adm_stf_ordcd character(10), 
  adm_stf_ntrdt date, 
  adm_stf_retdt date, 
  usr_yn character(1), 
  prs_agyno character(7), 
  prs_agynm character varying(100), 
  prs_agy_ordcd character(10), 
  prs_agy_ntrdt date, 
  prs_agy_retdt date, 
  plz_bzp_orgcd character(7), 
  plz_bzp_orgnm character varying(100), 
  plz_bzp_org_ordr numeric(5), 
  plz_br_orgcd character(7), 
  plz_br_orgnm character varying(100), 
  plz_br_org_ordr numeric(5), 
  onl_bz_yn character(1), 
  ntrdt date, 
  retdt date, 
  stfno_grtdt date, 
  stf_bz_stcd character(10), 
  stadt date, 
  sexcd character(10), 
  indc_stfno character(7), 
  indc_relcd character(10), 
  stf_flgcd character(10), 
  apo_stb_mmthr numeric(5), 
  atch_yn character(1), 
  bdtcd character(10), 
  dtycd character(10), 
  agy_quf_grdcd character(10), 
  agy_pntcd character(10), 
  pdtnm character varying(100), 
  intr_tpcd character(10), 
  bz_atrcd character(10), 
  psn_grdcd character(10), 
  bz_fml_qufcd character(10), 
  bz_fml_tmnd_grdcd character(10), 
  pstn_chccd character(10), 
  club_mbr_grdcd character(10), 
  onfml_pf_yn character(1), 
  onfml_pf_grd_grdcd character(10), 
  sty_yn character(1), 
  clpo_bz_yn character(1), 
  ltrm_actvt_yn character(1), 
  cr_actvt_yn character(1), 
  gn_actvt_yn character(1), 
  std_act_yn character(1), 
  std_actvt_flgcd character(10), 
  nwfac_grdcd character(10), 
  pstn_chcdt date, 
  pstn_chc_yn character(1), 
  bz_tpcd character(10), 
  gn_av_incld_yn character(1), 
  adm_stf_apodt date, 
  adm_agycd character(7), 
  adm_agy_apodt date, 
  load_dthms timestamp(0) without time zone
)
WITH (APPENDONLY=true, COMPRESSLEVEL=5,   OIDS=FALSE)
DISTRIBUTED BY (st_yymm, stfno)
CREATE TABLE
Time: 423.154 ms
Timing is on.
CREATE TABLE m_sam_vl_wkdgr_adm
(
  vl_yr character(4) NOT NULL, 
  vl_wkdgr numeric(2) NOT NULL, 
  wkdgr_strdt date NOT NULL, 
  wkdgr_nddt date NOT NULL, 
  load_dthms timestamp(0) without time zone
)
WITH (  OIDS=FALSE)
DISTRIBUTED BY (vl_yr, vl_wkdgr);
CREATE TABLE
Time: 387.855 ms
Timing is on.
CREATE TABLE met_subo_rel_cd_defn
(
  subo_rel_tpcd character(5) NOT NULL, 
  lvl_1_dtcd character(10) NOT NULL, 
  lvl_2_dtcd character(10) NOT NULL, 
  lvl_3_dtcd character(10) NOT NULL, 
  lvl_4_dtcd character(10) NOT NULL, 
  lvl_5_dtcd character(10) NOT NULL, 
  ap_nddt date NOT NULL, 
  ap_strdt date NOT NULL, 
  scr_idc_ordr numeric(5), 
  inp_usr_id character(7) NOT NULL, 
  inp_dthms timestamp(0) without time zone NOT NULL, 
  mdf_usr_id character(7) NOT NULL, 
  mdf_dthms timestamp(0) without time zone NOT NULL, 
  load_dthms timestamp(0) without time zone

)
WITH (APPENDONLY=true, COMPRESSLEVEL=5,   OIDS=FALSE)
DISTRIBUTED BY (subo_rel_tpcd, lvl_1_dtcd, lvl_2_dtcd, lvl_3_dtcd, lvl_4_dtcd, lvl_5_dtcd, ap_nddt, ap_strdt);
CREATE TABLE
Time: 417.596 ms
Timing is on.
CREATE TABLE sam_aw_cc_achv
(
  av_yymm character(6) NOT NULL, 
  stfno character(7) NOT NULL, 
  av_stdt date NOT NULL, 
  sty_yn character(1) NOT NULL, 
  ltrm_actvt_yn character(1), 
  cr_actvt_yn character(1), 
  gn_actvt_yn character(1), 
  std_actvt_flgcd character(10), 
  std_act_yn character(1), 
  cm_bz_days numeric(3), 
  cm_inq_prse_days numeric(3), 
  cm_inq_prcv_days numeric(3), 
  cm_rtof_days numeric(3), 
  cv_psct numeric(7,1) NOT NULL, 
  achv_kndcd character(10) NOT NULL, 
  ltrm_dcn_prm numeric(15) NOT NULL, 
  adpym_xcpt_ctu_prm numeric(15) NOT NULL, 
  du_dcn_prm numeric(15) NOT NULL, 
  doamt numeric(15) NOT NULL, 
  t2_du_dcprm numeric(15) NOT NULL, 
  t2_du_cmamt numeric(15) NOT NULL, 
  ppy_xcpt_cm_av numeric(15) NOT NULL, 
  ltrm_inr_ins_cmamt numeric(15) NOT NULL, 
  ltrm_inr_dcn_prm numeric(15) NOT NULL, 
  ltrm_gnte_nwcct numeric(10) NOT NULL, 
  ltrm_cumt_nwcct numeric(10) NOT NULL, 
  ltrm_gnte_nwcr_prm numeric(15) NOT NULL, 
  ltrm_cumt_nwcr_prm numeric(15) NOT NULL, 
  ltrm_gnte_nwccv_av numeric(15) NOT NULL, 
  ltrm_cumt_nwccv_av numeric(15) NOT NULL, 
  ltrm_gnte_nwmcv_prm numeric(15) NOT NULL, 
  ltrm_cumt_nwmcv_prm numeric(15) NOT NULL, 
  ltrm_gnte_ctu_prm numeric(15) NOT NULL, 
  ltrm_cumt_ctu_prm numeric(15) NOT NULL, 
  tmr_ltrm_vl_av numeric(15) NOT NULL, 
  ltrm_inr_insct numeric(10) NOT NULL, 
  ltrm_inr_ins_prm numeric(15) NOT NULL, 
  ltinr_ins_nwmcv_prm numeric(15) NOT NULL, 
  ltinr_ins_nwccv_av numeric(15) NOT NULL, 
  vald_crgac_incm_prm numeric(15) NOT NULL, 
  vald_crsac_cv_av numeric(15) NOT NULL, 
  o2mm_nmtn_cvav numeric(15) NOT NULL, 
  nmtn_mpy_cv_prm numeric(15) NOT NULL, 
  aw_pylts_gdct numeric(10) NOT NULL, 
  aw_pylts_gd_prm numeric(15) NOT NULL, 
  ctu_ins_mpy_cvprm numeric(15) NOT NULL, 
  fsyr_ctupr_cv_av numeric(15) NOT NULL, 
  mn_aw_stamt numeric(15) NOT NULL, 
  o16mm_ctu_cmamt numeric(15) NOT NULL, 
  o25mm_ctu_cmamt numeric(15) NOT NULL, 
  t4s_cv_av numeric(15) NOT NULL, 
  t7s_cv_av numeric(15) NOT NULL, 
  t13s_cv_av numeric(15) NOT NULL, 
  t20s_cv_av numeric(15) NOT NULL, 
  ltrm_tm_gd_prm numeric(15) NOT NULL, 
  ltrm_bncgd_prm numeric(15) NOT NULL, 
  rtman_xc_prm numeric(15) NOT NULL, 
  gn_ins_av numeric(15) NOT NULL, 
  gn_ins_cv_av numeric(15) NOT NULL, 
  carg_ins_u2030_prm numeric(15) NOT NULL, 
  carg_ins_a30c_prm numeric(15) NOT NULL, 
  cmins_nwcr_av numeric(15) NOT NULL, 
  gn_ins_nwcct numeric(10) NOT NULL, 
  cmins_hse_av numeric(15) NOT NULL, 
  cmins_spc_av numeric(15) NOT NULL, 
  cmins_carg_av numeric(15) NOT NULL, 
  cmins_fire_av numeric(15) NOT NULL, 
  cmins_vsl_av numeric(15) NOT NULL, 
  co_xcpt_cr_av numeric(15) NOT NULL, 
  cr_a_arect numeric(10) NOT NULL, 
  cr_a_are_av numeric(15) NOT NULL, 
  cr_b_arect numeric(10) NOT NULL, 
  cr_b_are_av numeric(15) NOT NULL, 
  cr_c_arect numeric(10) NOT NULL, 
  cr_c_areav numeric(15) NOT NULL, 
  cr_etct numeric(10) NOT NULL, 
  cr_et_av numeric(15) NOT NULL, 
  crcs_vlct numeric(10) NOT NULL, 
  crcs_vl_av numeric(15) NOT NULL, 
  cr_vl_av numeric(15) NOT NULL, 
  cr_cash_vl_av numeric(15) NOT NULL, 
  cr_crd_vl_av numeric(15) NOT NULL, 
  cr_cv_av numeric(15) NOT NULL, 
  cr_cash_cv_av numeric(15) NOT NULL, 
  cr_crd_cv_av numeric(15) NOT NULL, 
  cr_ppych_cv_av numeric(15) NOT NULL, 
  cr_ppycr_cv_av numeric(15) NOT NULL, 
  crmrt_xcpt_vl_av numeric(15) NOT NULL, 
  crmrt_xcpt_cavl_av numeric(15) NOT NULL, 
  crmrt_xcpt_crdvl_av numeric(15) NOT NULL, 
  crmrt_xcpt_cv_av numeric(15) NOT NULL, 
  crmrt_xcpt_cacv_av numeric(15) NOT NULL, 
  crmrt_xcpt_crdcv_av numeric(15) NOT NULL, 
  crmrt_xcpt_ppych_cvav numeric(15) NOT NULL, 
  crmrt_xcpt_ppycr_cvav numeric(15) NOT NULL, 
  cr_inr_insct numeric(10) NOT NULL, 
  cr_inr_ins_av numeric(15) NOT NULL, 
  cr_crn_nwct numeric(10) NOT NULL, 
  crd_afdm_ccamt numeric(15) NOT NULL, 
  crd_afdm_cclcs numeric(10) NOT NULL, 
  cr_tot_av numeric(15) NOT NULL, 
  cr_tot_nwct numeric(10) NOT NULL, 
  cr_co_bzxcp_nwct numeric(10) NOT NULL, 
  cr_std_nwct numeric(10) NOT NULL, 
  cr_tot_nwcct numeric(10) NOT NULL, 
  cr_co_bzxcp_nwcct numeric(10) NOT NULL, 
  db_cr_cn_crct numeric(10) NOT NULL, 
  nmtn_crnct numeric(10) NOT NULL, 
  cr_slfud_crd_av numeric(15) NOT NULL, 
  cr_slfud_cash_av numeric(15) NOT NULL, 
  cr_slfud_nwct numeric(10) NOT NULL, 
  cr_rnwar_pt50x_av numeric(15) NOT NULL, 
  cr_rnwar_pt50l_av numeric(15) NOT NULL, 
  cr_slfud_rnw_crct numeric(15) NOT NULL, 
  inp_usr_id character(7) NOT NULL, 
  inp_dthms timestamp(0) without time zone NOT NULL, 
  mdf_usr_id character(7) NOT NULL, 
  mdf_dthms timestamp(0) without time zone NOT NULL, 
  ltrm_gnte_snccv_av numeric(15) NOT NULL, 
  ltrm_cumt_snccv_av numeric(15) NOT NULL, 
  ltrm_agins_cmamt numeric(15) NOT NULL, 
  ltrm_agins_nwcct numeric(9) NOT NULL, 
  ltrm_agins_nwcr_prm numeric(15) NOT NULL, 
  ltrm_agins_nwmcv_prm numeric(15) NOT NULL, 
  ltrm_agins_nwccv_av numeric(15) NOT NULL, 
  fsyr_ctupr_cvav_2 numeric(15) NOT NULL, 
  cr_co_bzxcp_nwav numeric(15) NOT NULL, 
  ltrm_bab_nwcct numeric(10) NOT NULL, 
  ltrm_bab_nwccv_av numeric(15) NOT NULL, 
  ltgnt_nwccv_1_av numeric(15) NOT NULL, 
  ltgnt_nwccv_2_av numeric(15) NOT NULL, 
  ltcmt_nwccv_1_av numeric(15) NOT NULL, 
  ltcmt_nwccv_2_av numeric(15) NOT NULL, 
  ltgnt_nwcpy_1_cvprm numeric(15) NOT NULL, 
  ltgnt_nwcpy_2_cvprm numeric(15) NOT NULL, 
  cm_ltrm_nwcr_cvav numeric(15) NOT NULL, 
  aw_pylts_gd_cvav numeric(15) NOT NULL, 
  gn_ins_rpamt_cvav numeric(15) NOT NULL, 
  gn_ins_ouq_cvav numeric(15) NOT NULL, 
  ltrm_xc_cvav numeric(15) NOT NULL, 
  ltgnt_nwccv_3_av numeric(15) NOT NULL, 
  ltgnt_nwccv_4_av numeric(15) NOT NULL, 
  ltgnt_nwccv_5_av numeric(15) NOT NULL, 
  ltcmt_nwccv_3_av numeric(15) NOT NULL, 
  ltcmt_nwccv_4_av numeric(15) NOT NULL, 
  ltcmt_nwccv_5_av numeric(15) NOT NULL, 
  ltgnt_nwcpy_3_cvprm numeric(15) NOT NULL, 
  ltgnt_nwcpy_4_cvprm numeric(15) NOT NULL, 
  ltgnt_nwcpy_5_cvprm numeric(15) NOT NULL, 
  fsyr_ctupr_cvav_3 numeric(15), 
  ltgnt_ppy_xcpt_cmav numeric(15), 
  ltcmt_ppy_xcpt_cmav numeric(15), 
  cv_2_psct numeric(7,1), 
  cr_vlct numeric(10), 
  ltrm_prdt_grd character(10), 
  pcked_prdt_grd character(10), 
  fsyr_ctupr_cvav_4 numeric(15), 
  ltrm_ctu_ct numeric(10), 
  fsyr_ctu_prm numeric(15), 
  cnst_cr_ct numeric(10), 
  load_dthms timestamp(0) without time zone

)
WITH (  OIDS=FALSE)
DISTRIBUTED BY (av_yymm, stfno, av_stdt)
CREATE TABLE
Time: 402.744 ms
Timing is on.
CREATE TABLE sam_aw_cc_achv_stf
(
  av_yymm character(6) NOT NULL, 
  stfno character(7) NOT NULL, 
  nm character varying(100) NOT NULL, 
  apo_or_stbdt date NOT NULL, 
  apo_or_stb_mmthr numeric(5) NOT NULL, 
  fnl_cls_yn character(1) NOT NULL, 
  psgcd character(7), 
  tm_orgcd character(7), 
  stf_flgcd character(10) NOT NULL, 
  intr_tpcd character(10), 
  bz_atrcd character(10), 
  stf_bz_stcd character(10), 
  psn_grdcd character(10), 
  bz_fml_qufcd character(10), 
  bz_fml_tmnd_grdcd character(10), 
  atch_yn character(1) NOT NULL, 
  agy_quf_grdcd character(10), 
  agy_pntcd character(10), 
  club_mbr_grdcd character(10), 
  onfml_pf_grd_grdcd character(10), 
  tmr_mnth_cnv_hms numeric(3), 
  bz_mmthr numeric(5), 
  stadt date, 
  psn_grd_grtdt date, 
  quf_dlgdt date, 
  quf_grd_chdt date, 
  club_mbr_grd_grtdt date, 
  onfml_pf_grd_grtdt date, 
  nwfac_grdcd character(10), 
  inp_usr_id character(7) NOT NULL, 
  inp_dthms timestamp(0) without time zone NOT NULL, 
  mdf_usr_id character(7) NOT NULL, 
  mdf_dthms timestamp(0) without time zone NOT NULL, 
  ltrm_aw_gpcd character(10), 
  org_vl_gp_flgcd character(10), 
  load_dthms timestamp(0) without time zone

)
WITH (APPENDONLY=true, COMPRESSLEVEL=5,   OIDS=FALSE)
DISTRIBUTED BY (av_yymm, stfno);
CREATE TABLE
Time: 423.169 ms
Timing is on.
CREATE TABLE sam_aw_py_spc
(
  stfno character(7) NOT NULL, 
  pydt date NOT NULL, 
  prpt_av_yymm character(6) NOT NULL, 
  nprpn_av_yymm character(6) NOT NULL, 
  psgcd character(7) NOT NULL, 
  cm_aw_t_uramt numeric(15) NOT NULL, 
  prpt_aw_smamt numeric(15) NOT NULL, 
  nprpn_aw_smamt numeric(15) NOT NULL, 
  ltrm_aw_smamt numeric(15) NOT NULL, 
  gn_aw_smamt numeric(15) NOT NULL, 
  cr_aw_smamt numeric(15) NOT NULL, 
  ltrm_tm_gdce_awamt numeric(15) NOT NULL, 
  ltrm_bncgd_ce_awamt numeric(15) NOT NULL, 
  ltrm_gnte_ce_awamt numeric(15) NOT NULL, 
  ltrm_cumt_ce_awamt numeric(15) NOT NULL, 
  ltrm_tm_gscmn_awamt numeric(15) NOT NULL, 
  ltrm_tm_gsamn_awamt numeric(15) NOT NULL, 
  ltrm_bncgd_scrmn_awamt numeric(15) NOT NULL, 
  ltrm_bncgd_ncrmn_awamt numeric(15) NOT NULL, 
  ltrm_gnte_scrmn_awamt numeric(15) NOT NULL, 
  ltrm_gnte_ncrmn_awamt numeric(15) NOT NULL, 
  ltrm_cumt_scrmn_awamt numeric(15) NOT NULL, 
  ltrm_cumt_ncrmn_awamt numeric(15) NOT NULL, 
  ltrm_tm_gdcm_awamt numeric(15) NOT NULL, 
  ltrm_bncgd_cm_awamt numeric(15) NOT NULL, 
  ltrm_cm_awamt numeric(15) NOT NULL, 
  ltrm_ce_ou_awamt numeric(15) NOT NULL, 
  ltrm_mn_ou_awamt numeric(15) NOT NULL, 
  rtman_ce_aw numeric(15) NOT NULL, 
  rtman_self_cr_mnaw numeric(15) NOT NULL, 
  rtman_anpe_cr_mnaw numeric(15) NOT NULL, 
  ltrm_nrins_ce_aw numeric(15) NOT NULL, 
  ltrm_nrins_self_mnaw numeric(15) NOT NULL, 
  ltrm_nrins_anpe_mnaw numeric(15) NOT NULL, 
  ltrm_nrins_cm_aw numeric(15) NOT NULL, 
  cr_gnbcs_bznrp_awamt numeric(15) NOT NULL, 
  cr_gnbcs_bznop_awamt numeric(15) NOT NULL, 
  cr_gnb_bznrp_awamt numeric(15) NOT NULL, 
  cr_gnb_bznop_awamt numeric(15) NOT NULL, 
  cr_co_obj_awamt numeric(15) NOT NULL, 
  bnc_hse_awamt numeric(15) NOT NULL, 
  bncrt_hse_awamt numeric(15) NOT NULL, 
  fire_hse_awamt numeric(15) NOT NULL, 
  fire_nhsec_awamt numeric(15) NOT NULL, 
  spc_hse_awamt numeric(15) NOT NULL, 
  spc_nhsec_awamt numeric(15) NOT NULL, 
  marne_hse_awamt numeric(15) NOT NULL, 
  marne_nhsec_awamt numeric(15) NOT NULL, 
  cm_po_cr_tamt numeric(15) NOT NULL, 
  pvpy_poamt numeric(15) NOT NULL, 
  ltrm_poamt numeric(15) NOT NULL, 
  gn_poamt numeric(15) NOT NULL, 
  cr_poamt numeric(15) NOT NULL, 
  orgn_poamt numeric(15) NOT NULL, 
  et_poamt numeric(15) NOT NULL, 
  payup_poamt numeric(15) NOT NULL, 
  purt_ltrm_nwcrc_aw numeric(15) NOT NULL, 
  cult_nwcr_ce_aw numeric(15) NOT NULL, 
  anlt_nwcr_ce_aw numeric(15) NOT NULL, 
  purlt_nwcr_mn_aw numeric(15) NOT NULL, 
  cult_nwcr_mn_aw numeric(15) NOT NULL, 
  anlt_nwcr_mn_aw numeric(15) NOT NULL, 
  purlt_ctu_ce_aw numeric(15) NOT NULL, 
  cult_ctu_ce_aw numeric(15) NOT NULL, 
  anlt_ctu_ce_aw numeric(15) NOT NULL, 
  purlt_ctu_mn_aw numeric(15) NOT NULL, 
  cult_ctu_mn_aw numeric(15) NOT NULL, 
  anlt_ctu_mn_aw numeric(15) NOT NULL, 
  purlt_cm_aw numeric(15) NOT NULL, 
  cult_cm_aw numeric(15) NOT NULL, 
  anlt_cm_aw numeric(15) NOT NULL, 
  purlt_frdc_aw numeric(15) NOT NULL, 
  cult_frdc_aw numeric(15) NOT NULL, 
  anlt_frdc_aw numeric(15) NOT NULL, 
  purlt_nwcr_xclk_aw numeric(15) NOT NULL, 
  cult_nwcr_xclk_aw numeric(15) NOT NULL, 
  anlt_nwcr_xclk_aw numeric(15) NOT NULL, 
  cm_dc_bjamt numeric(15) NOT NULL, 
  ltrm_bll_rsamt numeric(15) NOT NULL, 
  cr_bll_rsamt numeric(15) NOT NULL, 
  gn_bll_rsamt numeric(15) NOT NULL, 
  mdem_ntl_uiamt numeric(15) NOT NULL, 
  rcamt numeric(15) NOT NULL, 
  ictx numeric(15) NOT NULL, 
  rstx numeric(15) NOT NULL, 
  gu_tzamt numeric(15) NOT NULL, 
  nw_tzamt numeric(15) NOT NULL, 
  ictx_rtamt numeric(15) NOT NULL, 
  rstx_rtamt numeric(15) NOT NULL, 
  prm_slr_tf_uiamt numeric(15) NOT NULL, 
  ln_uiamt numeric(15) NOT NULL, 
  idnty_gu_prm_uiamt numeric(15) NOT NULL, 
  exec_gu_prm_uiamt numeric(15) NOT NULL, 
  cndo_uiamt numeric(15) NOT NULL, 
  usr_tkxm_cm numeric(15) NOT NULL, 
  usr_rgt_cm numeric(15) NOT NULL, 
  ntf_aw_pyamt numeric(15) NOT NULL, 
  aw_mncs_itg_uiamt numeric(15) NOT NULL, 
  dbtr_pyamt numeric(15) NOT NULL, 
  bz_atrcd character(10) NOT NULL, 
  inp_usr_id character(7) NOT NULL, 
  inp_dthms timestamp(0) without time zone NOT NULL, 
  mdf_usr_id character(7) NOT NULL, 
  mdf_dthms timestamp(0) without time zone NOT NULL, 
  idac_prm_uiamt numeric(15) NOT NULL, 
  idac_prm_rtamt numeric(15) NOT NULL, 
  sppt_uiamt numeric(15) NOT NULL, 
  aw_et_uiamt numeric(15) NOT NULL, 
  cld_uiamt numeric(15) NOT NULL, 
  sv_cradm_awamt numeric(15), 
  load_dthms timestamp(0) without time zone
)

WITH (APPENDONLY=true, COMPRESSLEVEL=5,   OIDS=FALSE )
DISTRIBUTED BY (stfno, pydt);
CREATE TABLE
Time: 415.686 ms
Timing is on.
CREATE TABLE sam_incm_prm_bz_av
(
  plyno character varying(16) NOT NULL, 
  incm_prm_cr_seqno numeric(5) NOT NULL, 
  cv_prm_sm numeric(15) NOT NULL, 
  vl_prm numeric(15) NOT NULL, 
  ce_awamt numeric(15) NOT NULL, 
  ikd_grpcd character(10) NOT NULL, 
  ce_aw_pyrt numeric(5,2) NOT NULL, 
  aw_spc_dl_yn character(1) NOT NULL, 
  aw_spc_dldt date NOT NULL, 
  aw_py_prdt date NOT NULL, 
  prpn_aw_smamt numeric(15) NOT NULL, 
  ppdt date NOT NULL, 
  gnte_cv_prm numeric(15) NOT NULL, 
  cumt_cv_prm numeric(15) NOT NULL, 
  ltrm_mpy_cv_prm numeric(15) NOT NULL, 
  mn_awamt numeric(15) NOT NULL, 
  cm_awamt numeric(15) NOT NULL, 
  nw_ou_awamt numeric(15) NOT NULL, 
  mn_ou_awamt numeric(15) NOT NULL, 
  cu_cvrt numeric(5,2) NOT NULL, 
  gn_cvrt numeric(5,2) NOT NULL, 
  mn_aw_pyrt numeric(5,2) NOT NULL, 
  cm_aw_pyrt numeric(5,2) NOT NULL, 
  rpbl_cv_prm numeric(15) NOT NULL, 
  optn_cv_prm numeric(15) NOT NULL, 
  rpbl_xc_prm_1 numeric(15) NOT NULL, 
  rpbl_xc_prm_2 numeric(15) NOT NULL, 
  optn_xc_prm numeric(15) NOT NULL, 
  rpbl_ins_pyrt_1 numeric(5,2) NOT NULL, 
  rpbl_ins_pyrt_2 numeric(5,2) NOT NULL, 
  optn_ins_pyrt numeric(5,2) NOT NULL, 
  rpbl_ins_awamt_1 numeric(15) NOT NULL, 
  rpbl_ins_awamt_2 numeric(15) NOT NULL, 
  optn_ins_awamt numeric(15) NOT NULL, 
  inp_usr_id character(7) NOT NULL, 
  inp_dthms timestamp(0) without time zone NOT NULL, 
  mdf_usr_id character(7) NOT NULL, 
  mdf_dthms timestamp(0) without time zone NOT NULL, 
  cm_mdf_prm numeric(15), 
  cm_cvrt numeric(5,2), 
  re_prm numeric(15), 
  re_cm numeric(17,2), 
  re_cmrt numeric(12,6), 
  o1_nwcr_mdf_prm numeric(15), 
  o1_mn_aw_pyrt numeric(5,2), 
  o1_mn_awamt numeric(15), 
  o2_nwcr_mdf_prm numeric(15), 
  o2_mn_aw_pyrt numeric(5,2), 
  o2_mn_awamt numeric(15), 
  cradm_mn_aw_pyrt numeric(5,2), 
  cradm_mn_awamt numeric(15), 
  sv_cradm_awamt numeric(15), 
  load_dthms timestamp(0) without time zone

)
WITH (  OIDS=FALSE)
DISTRIBUTED BY (plyno, incm_prm_cr_seqno)
CREATE TABLE
Time: 402.556 ms
Timing is on.
CREATE TABLE sam_org
(
  orgcd character(7) NOT NULL, 
  orgnm character varying(100) NOT NULL, 
  org_ennm character varying(100), 
  org_shtnm character varying(100) NOT NULL, 
  pstno character(6), 
  sd character varying(30), 
  sgng character varying(30), 
  twmd character varying(30), 
  ri_or_lrdlp character varying(50), 
  dtadr character varying(100), 
  org_flgcd character(10) NOT NULL, 
  org_tpcd character(10) NOT NULL, 
  org_spcd character(10) NOT NULL, 
  org_stcd character(10) NOT NULL, 
  org_stb_rscd character(10) NOT NULL, 
  org_stbdt date NOT NULL, 
  org_clo_rscd character(10), 
  org_clodt date NOT NULL, 
  bkcd character(10), 
  actno character varying(20), 
  orghd_stfno character(7), 
  orghd_apodt date, 
  ppr_orgcd character(7), 
  rcapm_org_yn character(1) NOT NULL, 
  rcapm_orgcd character(7), 
  act_org_yn character(1) NOT NULL, 
  act_orgcd character(7), 
  rv_org_yn character(1) NOT NULL, 
  rv_orgcd character(7), 
  jrd_uofcd character(10), 
  crp_eqdtx_pymbj_yn character(1), 
  insbz_lictx_pymbj_yn character(1), 
  pdwkp_txpym_bj_yn character(1), 
  ofwk_stf_apo_yn character(1), 
  bz_strdt date, 
  tm_kndcd character(10), 
  vl_gp_flgcd character(10), 
  mncs_gp_flgcd character(10), 
  are_flgcd character(10), 
  org_rl_flgcd character(10) NOT NULL, 
  trn_tm_flgcd character(10), 
  inp_usr_id character(7) NOT NULL, 
  inp_dthms timestamp(0) without time zone NOT NULL, 
  mdf_usr_id character(7) NOT NULL, 
  mdf_dthms timestamp(0) without time zone NOT NULL, 
  fr_rgt_cmpcd character(10), 
  fire_orgcd character(7), 
  vl_adm_stfno character(7), 
  vl_adm_stf_apodt date, 
  vl_ppr_orgcd character(7), 
  ref_it character varying(100), 
  load_dthms timestamp(0) without time zone

)
WITH (APPENDONLY=true, COMPRESSLEVEL=5,   OIDS=FALSE)
DISTRIBUTED BY (orgcd);
CREATE TABLE
Time: 418.017 ms
Timing is on.
CREATE TABLE sam_stf
(
  stfno character(7) NOT NULL, 
  stf_bz_stcd character(10) NOT NULL, 
  stadt date NOT NULL, 
  rsno character varying(40) NOT NULL, 
  nm character varying(100) NOT NULL, 
  mail_id character varying(50), 
  mail_domn character varying(50), 
  hmpag_adr character varying(100), 
  blog_adr character varying(100), 
  bkcd character(10), 
  actno character varying(20), 
  actno_chdt date, 
  ntrdt date, 
  retdt date NOT NULL, 
  incb_rscd character(10), 
  stf_flgcd character(10) NOT NULL, 
  fnl_edbcd character(10), 
  hnor_cmp_stf_yn character(1), 
  adm_orgn_wrk_strdt date, 
  adm_orgn_wrk_nddt date, 
  rl_brtyr_mndy character(8), 
  slcr_flgcd character(10), 
  apo_flgcd character(10), 
  crnt_orgcd character(7), 
  crnt_tm_orgcd character(7), 
  adm_orgcd character(7), 
  relco_stfno character(7), 
  scil_crrcd character(10), 
  photo_pth character varying(256), 
  crnt_pst_apodt date, 
  bdtcd character(10), 
  bdt_apodt date, 
  dtycd character(10), 
  dty_apodt date, 
  ptncd character(10), 
  ptn_apodt date, 
  clpcd character(10), 
  pays_cd character(10), 
  grdpa_apodt date, 
  rtm_rscd character(10), 
  wdg_yn character(1), 
  drve_lic_own_yn character(1), 
  indc_stfno character(7), 
  indc_relcd character(10), 
  atr_flgcd character(10), 
  befo_stfno character(7), 
  adm_stfno character(7), 
  stfno_grtdt date, 
  intr_tpcd character(10), 
  bz_atrcd character(10), 
  bz_atr_chdt date, 
  psn_grdcd character(10), 
  psn_grd_grtdt date, 
  psn_grd_nddt date, 
  bz_fml_qufcd character(10), 
  quf_dlgdt date, 
  bz_fml_tmnd_grdcd character(10), 
  quf_grd_chdt date, 
  quf_grd_nddt date, 
  pstn_chccd character(10), 
  pstn_chcdt date, 
  club_mbr_grdcd character(10), 
  club_mbr_grd_grtdt date, 
  club_mbr_grd_nddt date, 
  trf_mncd character(10), 
  attd_nd_timcd character(10), 
  notb_own_yn character(1), 
  onfml_pf_yn character(1), 
  onfml_pf_grd_grdcd character(10), 
  onfml_pf_grd_grtdt date, 
  onfml_pf_grd_nddt date, 
  atch_yn character(1), 
  atch_yn_chdt date, 
  agy_quf_grdcd character(10), 
  agy_quf_grd_chdt date, 
  agy_pntcd character(10), 
  agy_pntcd_chdt date, 
  offc_accpt_flgcd character(10), 
  agynm character varying(100), 
  pdtnm character varying(100), 
  org_rgt_cmpcd character(10), 
  cm_ap_gpcd character(10), 
  bzmno character(10), 
  admr_stfno character(7), 
  admr_apodt date, 
  st_stfno character(7), 
  inp_usr_id character(7) NOT NULL, 
  inp_dthms timestamp(0) without time zone NOT NULL, 
  mdf_usr_id character(7) NOT NULL, 
  mdf_dthms timestamp(0) without time zone NOT NULL, 
  aconm character varying(100), 
  ltrm_aw_gpcd character(10), 
  ltrm_aw_gp_chdt date, 
  fr_ntr_cmpcd character(10), 
  fire_stfno character(7), 
  brc_orgcd character(7), 
  crnt_brc_apodt date, 
  grpwr_us_yn character(1), 
  msngr_us_yn character(1), 
  bz_stch_rscd character(10), 
  adm_agycd character(7), 
  adm_agy_apodt date, 
  adm_stf_apodt date, 
  load_dthms timestamp(0) without time zone

)
WITH (APPENDONLY=true, COMPRESSLEVEL=5,   OIDS=FALSE)
DISTRIBUTED BY (stfno);
CREATE TABLE
Time: 444.663 ms
Timing is on.
CREATE TABLE v_calendar
(
  calendar_date date,
  day_of_week integer,
  day_of_month integer,
  day_of_year integer,
  day_of_calendar integer,
  weekday_of_month integer,
  week_of_month integer,
  week_of_year integer,
  week_of_calendar integer,
  month_of_quarter integer,
  month_of_year integer,
  month_of_calendar integer,
  quarter_of_year integer,
  quarter_of_calendar integer,
  year_of_calendar integer,
  load_dthms timestamp(0) without time zone
)
WITH (  OIDS=FALSE)
DISTRIBUTED BY (calendar_date);
CREATE TABLE
Time: 392.573 ms
00-13-CREATE_TABLE_FROM_EXT_FILE_36.shl:Start Time:2013-04-30 17:34:44
00-13-CREATE_TABLE_FROM_EXT_FILE_36.shl:End Time  :2013-04-30 17:34:59
